[ERROR] [Errno 2] No such file or directory: 'Dataset/human_data/cache/simulated_combine_male_short_outfits_genesis8_armani_sweateroutfitall_Base_Pose_Walking_B/pitch_15_rot_-45_fov_50.00_ibli_0_iblj_128_shadow.png' - build_hdf5.py fill_dset 2022-07-12 21:57:29,803 
[ERROR] [Errno 2] No such file or directory: 'Dataset/human_data/cache/simulated_combine_male_genesis8_altern8lee8_blair_pjsoutfit_Altern8_Lee_8_-_Pose_01_B/pitch_15_rot_-45_fov_50.00_ibli_0_iblj_128_shadow.png' - build_hdf5.py fill_dset 2022-07-12 21:57:29,803 
[INFO] base_64_16/simulated_combine_male_genesis8_altern8lee8_blair_pjsoutfit_Altern8_Lee_8_-_Pose_01_B_pitch_15_rot_-45_fov_50.00 failed. We skip - build_hdf5.py build_scene_hdf5_worker 2022-07-12 21:57:29,804 
[INFO] base_64_16/simulated_combine_male_short_outfits_genesis8_armani_sweateroutfitall_Base_Pose_Walking_B_pitch_15_rot_-45_fov_50.00 failed. We skip - build_hdf5.py build_scene_hdf5_worker 2022-07-12 21:57:29,805 
[ERROR] [Errno 2] No such file or directory: 'Dataset/human_data/cache/simulated_combine_male_genesis8_matias_blair_csosetb_Altern8_Lee_8_-_Pose_07_A/pitch_15_rot_-45_fov_50.00_ibli_0_iblj_128_shadow.png' - build_hdf5.py fill_dset 2022-07-12 21:57:29,805 
[ERROR] [Errno 2] No such file or directory: 'Dataset/human_data/cache/simulated_combine_male_genesis8_lee8_armani_informalsuit_Altern8_Lee_8_-_Pose_01_B/pitch_15_rot_-45_fov_50.00_ibli_0_iblj_128_shadow.png' - build_hdf5.py fill_dset 2022-07-12 21:57:29,805 
[INFO] base_64_16/simulated_combine_male_genesis8_matias_blair_csosetb_Altern8_Lee_8_-_Pose_07_A_pitch_15_rot_-45_fov_50.00 failed. We skip - build_hdf5.py build_scene_hdf5_worker 2022-07-12 21:57:29,806 
[ERROR] [Errno 2] No such file or directory: 'Dataset/human_data/cache/simulated_combine_male_short_outfits_genesis8_armani_retrosweater_Base_Pose_Standing_A/pitch_15_rot_-45_fov_50.00_ibli_0_iblj_128_shadow.png' - build_hdf5.py fill_dset 2022-07-12 21:57:29,805 
[ERROR] [Errno 2] No such file or directory: 'Dataset/human_data/cache/simulated_combine_male_genesis8_basic_nohair_biker_Base_Pose_Walking_B/pitch_15_rot_-45_fov_50.00_ibli_0_iblj_128_shadow.png' - build_hdf5.py fill_dset 2022-07-12 21:57:29,805 
[INFO] base_64_16/simulated_combine_male_genesis8_lee8_armani_informalsuit_Altern8_Lee_8_-_Pose_01_B_pitch_15_rot_-45_fov_50.00 failed. We skip - build_hdf5.py build_scene_hdf5_worker 2022-07-12 21:57:29,806 
[INFO] base_64_16/simulated_combine_male_genesis8_basic_nohair_biker_Base_Pose_Walking_B_pitch_15_rot_-45_fov_50.00 failed. We skip - build_hdf5.py build_scene_hdf5_worker 2022-07-12 21:57:29,806 
[ERROR] [Errno 2] No such file or directory: 'Dataset/human_data/cache/simulated_combine_male_genesis8_basic_blair_cityboy_Altern8_Lee_8_-_Pose_07_A/pitch_15_rot_-45_fov_50.00_ibli_0_iblj_128_shadow.png' - build_hdf5.py fill_dset 2022-07-12 21:57:29,806 
[ERROR] [Errno 2] No such file or directory: 'Dataset/human_data/cache/simulated_combine_male_genesis8_basic_armani_bathrobes_Base_Pose_Walking_A/pitch_15_rot_-45_fov_50.00_ibli_0_iblj_128_shadow.png' - build_hdf5.py fill_dset 2022-07-12 21:57:29,806 
[INFO] base_64_16/simulated_combine_male_genesis8_basic_blair_cityboy_Altern8_Lee_8_-_Pose_07_A_pitch_15_rot_-45_fov_50.00 failed. We skip - build_hdf5.py build_scene_hdf5_worker 2022-07-12 21:57:29,807 
[INFO] base_64_16/simulated_combine_male_genesis8_basic_armani_bathrobes_Base_Pose_Walking_A_pitch_15_rot_-45_fov_50.00 failed. We skip - build_hdf5.py build_scene_hdf5_worker 2022-07-12 21:57:29,807 
[ERROR] [Errno 2] No such file or directory: 'Dataset/human_data/cache/simulated_combine_male_genesis8_lee8_hywavybob_packleader1_Altern8_Lee_8_-_Pose_10_B/pitch_15_rot_-45_fov_50.00_ibli_0_iblj_128_shadow.png' - build_hdf5.py fill_dset 2022-07-12 21:57:29,806 
[ERROR] [Errno 2] No such file or directory: 'Dataset/human_data/cache/simulated_combine_male_genesis8_basic_nohair_biker_Altern8_Lee_8_-_Pose_01_A/pitch_15_rot_-45_fov_50.00_ibli_0_iblj_128_shadow.png' - build_hdf5.py fill_dset 2022-07-12 21:57:29,806 
[INFO] base_64_16/simulated_combine_male_genesis8_lee8_hywavybob_packleader1_Altern8_Lee_8_-_Pose_10_B_pitch_15_rot_-45_fov_50.00 failed. We skip - build_hdf5.py build_scene_hdf5_worker 2022-07-12 21:57:29,807 
[ERROR] [Errno 2] No such file or directory: 'Dataset/human_data/cache/simulated_combine_male_genesis8_basic_nohair_biker_Base_Pose_Standing_C/pitch_15_rot_-45_fov_50.00_ibli_0_iblj_128_shadow.png' - build_hdf5.py fill_dset 2022-07-12 21:57:29,807 
[ERROR] [Errno 2] No such file or directory: 'Dataset/human_data/cache/simulated_combine_male_genesis8_matias_hywavybob_dsoset_Base_Pose_Walking_B/pitch_15_rot_-45_fov_50.00_ibli_0_iblj_128_shadow.png' - build_hdf5.py fill_dset 2022-07-12 21:57:29,807 
[ERROR] [Errno 2] No such file or directory: 'Dataset/human_data/cache/simulated_combine_male_genesis8_basic_hywavybob_csoseta_Base_Pose_Walking_C/pitch_15_rot_-45_fov_50.00_ibli_0_iblj_128_shadow.png' - build_hdf5.py fill_dset 2022-07-12 21:57:29,807 
[INFO] base_64_16/simulated_combine_male_genesis8_basic_nohair_biker_Altern8_Lee_8_-_Pose_01_A_pitch_15_rot_-45_fov_50.00 failed. We skip - build_hdf5.py build_scene_hdf5_worker 2022-07-12 21:57:29,808 
[INFO] base_64_16/simulated_combine_male_genesis8_matias_hywavybob_dsoset_Base_Pose_Walking_B_pitch_15_rot_-45_fov_50.00 failed. We skip - build_hdf5.py build_scene_hdf5_worker 2022-07-12 21:57:29,808 
[INFO] base_64_16/simulated_combine_male_genesis8_basic_nohair_biker_Base_Pose_Standing_C_pitch_15_rot_-45_fov_50.00 failed. We skip - build_hdf5.py build_scene_hdf5_worker 2022-07-12 21:57:29,808 
[INFO] base_64_16/simulated_combine_male_genesis8_basic_hywavybob_csoseta_Base_Pose_Walking_C_pitch_15_rot_-45_fov_50.00 failed. We skip - build_hdf5.py build_scene_hdf5_worker 2022-07-12 21:57:29,808 
[ERROR] [Errno 2] No such file or directory: 'Dataset/human_data/cache/simulated_combine_male_genesis8_lee8_hywavybob_packleader1_Base_Pose_Walking_A/pitch_15_rot_-45_fov_50.00_ibli_0_iblj_128_shadow.png' - build_hdf5.py fill_dset 2022-07-12 21:57:29,808 
[ERROR] [Errno 2] No such file or directory: 'Dataset/human_data/cache/simulated_combine_male_genesis8_matias_hywavybob_dsoset_Altern8_Lee_8_-_Pose_11_B/pitch_15_rot_-45_fov_50.00_ibli_0_iblj_128_shadow.png' - build_hdf5.py fill_dset 2022-07-12 21:57:29,808 
[INFO] base_64_16/simulated_combine_male_genesis8_lee8_hywavybob_packleader1_Base_Pose_Walking_A_pitch_15_rot_-45_fov_50.00 failed. We skip - build_hdf5.py build_scene_hdf5_worker 2022-07-12 21:57:29,808 
[INFO] base_64_16/simulated_combine_male_genesis8_matias_hywavybob_dsoset_Altern8_Lee_8_-_Pose_11_B_pitch_15_rot_-45_fov_50.00 failed. We skip - build_hdf5.py build_scene_hdf5_worker 2022-07-12 21:57:29,808 
[ERROR] [Errno 2] No such file or directory: 'Dataset/human_data/cache/simulated_combine_male_genesis8_matias_nohair_frenchpainter_Altern8_Lee_8_-_Pose_11_A/pitch_15_rot_-45_fov_50.00_ibli_0_iblj_128_shadow.png' - build_hdf5.py fill_dset 2022-07-12 21:57:29,808 
[ERROR] [Errno 2] No such file or directory: 'Dataset/human_data/cache/simulated_combine_male_genesis8_matias_hywavybob_dsoset_Altern8_Lee_8_-_Pose_10_B/pitch_15_rot_-45_fov_50.00_ibli_0_iblj_128_shadow.png' - build_hdf5.py fill_dset 2022-07-12 21:57:29,808 
[INFO] base_64_16/simulated_combine_male_genesis8_matias_nohair_frenchpainter_Altern8_Lee_8_-_Pose_11_A_pitch_15_rot_-45_fov_50.00 failed. We skip - build_hdf5.py build_scene_hdf5_worker 2022-07-12 21:57:29,809 
[INFO] base_64_16/simulated_combine_male_genesis8_matias_hywavybob_dsoset_Altern8_Lee_8_-_Pose_10_B_pitch_15_rot_-45_fov_50.00 failed. We skip - build_hdf5.py build_scene_hdf5_worker 2022-07-12 21:57:29,809 
[ERROR] [Errno 2] No such file or directory: 'Dataset/human_data/cache/simulated_combine_male_genesis8_altern8lee8_nohair_wintersnowoutfit_Altern8_Lee_8_-_Pose_11_B/pitch_15_rot_-45_fov_50.00_ibli_0_iblj_128_shadow.png' - build_hdf5.py fill_dset 2022-07-12 21:57:29,808 
[ERROR] [Errno 2] No such file or directory: 'Dataset/human_data/cache/simulated_combine_male_genesis8_altern8lee8_blair_pjsoutfit_Altern8_Lee_8_-_Pose_07_B/pitch_15_rot_-45_fov_50.00_ibli_0_iblj_128_shadow.png' - build_hdf5.py fill_dset 2022-07-12 21:57:29,809 
[ERROR] [Errno 2] No such file or directory: 'Dataset/human_data/cache/simulated_combine_male_genesis8_altern8lee8_armani_packleader2_Altern8_Lee_8_-_Pose_11_A/pitch_15_rot_-45_fov_50.00_ibli_0_iblj_128_shadow.png' - build_hdf5.py fill_dset 2022-07-12 21:57:29,809 
[INFO] base_64_16/simulated_combine_male_genesis8_altern8lee8_blair_pjsoutfit_Altern8_Lee_8_-_Pose_07_B_pitch_15_rot_-45_fov_50.00 failed. We skip - build_hdf5.py build_scene_hdf5_worker 2022-07-12 21:57:29,809 
[INFO] base_64_16/simulated_combine_male_genesis8_altern8lee8_nohair_wintersnowoutfit_Altern8_Lee_8_-_Pose_11_B_pitch_15_rot_-45_fov_50.00 failed. We skip - build_hdf5.py build_scene_hdf5_worker 2022-07-12 21:57:29,809 
[INFO] base_64_16/simulated_combine_male_genesis8_altern8lee8_armani_packleader2_Altern8_Lee_8_-_Pose_11_A_pitch_15_rot_-45_fov_50.00 failed. We skip - build_hdf5.py build_scene_hdf5_worker 2022-07-12 21:57:29,809 
[ERROR] [Errno 2] No such file or directory: 'Dataset/human_data/cache/simulated_combine_male_genesis8_basic_armani_bathrobes_Altern8_Lee_8_-_Pose_10_A/pitch_15_rot_-45_fov_50.00_ibli_0_iblj_128_shadow.png' - build_hdf5.py fill_dset 2022-07-12 21:57:29,809 
[ERROR] [Errno 2] No such file or directory: 'Dataset/human_data/cache/simulated_combine_male_genesis8_altern8lee8_nohair_wintersnowoutfit_Altern8_Lee_8_-_Pose_10_B/pitch_15_rot_-45_fov_50.00_ibli_0_iblj_128_shadow.png' - build_hdf5.py fill_dset 2022-07-12 21:57:29,809 
[INFO] base_64_16/simulated_combine_male_genesis8_basic_armani_bathrobes_Altern8_Lee_8_-_Pose_10_A_pitch_15_rot_-45_fov_50.00 failed. We skip - build_hdf5.py build_scene_hdf5_worker 2022-07-12 21:57:29,809 
[ERROR] [Errno 2] No such file or directory: 'Dataset/human_data/cache/simulated_combine_male_short_outfits_genesis8_armani_sweateroutfitall_Base_Pose_Walking_C/pitch_15_rot_-45_fov_50.00_ibli_0_iblj_128_shadow.png' - build_hdf5.py fill_dset 2022-07-12 21:57:29,809 
[INFO] base_64_16/simulated_combine_male_genesis8_altern8lee8_nohair_wintersnowoutfit_Altern8_Lee_8_-_Pose_10_B_pitch_15_rot_-45_fov_50.00 failed. We skip - build_hdf5.py build_scene_hdf5_worker 2022-07-12 21:57:29,810 
[ERROR] [Errno 2] No such file or directory: 'Dataset/human_data/cache/simulated_combine_male_genesis8_lee8_armani_informalsuit_Base_Pose_Standing_A/pitch_15_rot_-45_fov_50.00_ibli_0_iblj_128_shadow.png' - build_hdf5.py fill_dset 2022-07-12 21:57:29,809 
[INFO] base_64_16/simulated_combine_male_short_outfits_genesis8_armani_sweateroutfitall_Base_Pose_Walking_C_pitch_15_rot_-45_fov_50.00 failed. We skip - build_hdf5.py build_scene_hdf5_worker 2022-07-12 21:57:29,810 
[ERROR] [Errno 2] No such file or directory: 'Dataset/human_data/cache/simulated_combine_male_genesis8_basic_hywavybob_csoseta_Base_Pose_Standing_A/pitch_15_rot_-45_fov_50.00_ibli_0_iblj_128_shadow.png' - build_hdf5.py fill_dset 2022-07-12 21:57:29,810 
[INFO] base_64_16/simulated_combine_male_genesis8_basic_hywavybob_csoseta_Base_Pose_Standing_A_pitch_15_rot_-45_fov_50.00 failed. We skip - build_hdf5.py build_scene_hdf5_worker 2022-07-12 21:57:29,810 
[INFO] base_64_16/simulated_combine_male_genesis8_lee8_armani_informalsuit_Base_Pose_Standing_A_pitch_15_rot_-45_fov_50.00 failed. We skip - build_hdf5.py build_scene_hdf5_worker 2022-07-12 21:57:29,810 
[INFO] base_64_16/simulated_combine_male_short_outfits_genesis8_armani_retrosweater_Base_Pose_Standing_A_pitch_15_rot_-45_fov_50.00 failed. We skip - build_hdf5.py build_scene_hdf5_worker 2022-07-12 21:57:29,810 
[ERROR] [Errno 2] No such file or directory: 'Dataset/human_data/cache/simulated_combine_male_genesis8_matias_blair_csosetb_Altern8_Lee_8_-_Pose_10_A/pitch_15_rot_-45_fov_50.00_ibli_0_iblj_128_shadow.png' - build_hdf5.py fill_dset 2022-07-12 21:57:29,811 
[INFO] base_64_16/simulated_combine_male_genesis8_matias_blair_csosetb_Altern8_Lee_8_-_Pose_10_A_pitch_15_rot_-45_fov_50.00 failed. We skip - build_hdf5.py build_scene_hdf5_worker 2022-07-12 21:57:29,811 
[ERROR] [Errno 2] No such file or directory: 'Dataset/human_data/cache/simulated_combine_male_short_outfits_genesis8_armani_semicasual_Base_Pose_Walking_C/pitch_15_rot_-45_fov_50.00_ibli_0_iblj_128_shadow.png' - build_hdf5.py fill_dset 2022-07-12 21:57:29,811 
[INFO] base_64_16/simulated_combine_male_short_outfits_genesis8_armani_semicasual_Base_Pose_Walking_C_pitch_15_rot_-45_fov_50.00 failed. We skip - build_hdf5.py build_scene_hdf5_worker 2022-07-12 21:57:29,812 
[ERROR] [Errno 2] No such file or directory: 'Dataset/human_data/cache/simulated_combine_male_genesis8_altern8lee8_nohair_wintersnowoutfit_Base_Pose_Walking_B/pitch_15_rot_-45_fov_50.00_ibli_0_iblj_128_shadow.png' - build_hdf5.py fill_dset 2022-07-12 21:57:29,812 
[INFO] base_64_16/simulated_combine_male_genesis8_altern8lee8_nohair_wintersnowoutfit_Base_Pose_Walking_B_pitch_15_rot_-45_fov_50.00 failed. We skip - build_hdf5.py build_scene_hdf5_worker 2022-07-12 21:57:29,812 
[ERROR] [Errno 2] No such file or directory: 'Dataset/human_data/cache/simulated_combine_male_short_outfits_genesis8_armani_semicasual_Base_Pose_Standing_C/pitch_15_rot_-45_fov_50.00_ibli_0_iblj_128_shadow.png' - build_hdf5.py fill_dset 2022-07-12 21:57:29,812 
[INFO] base_64_16/simulated_combine_male_short_outfits_genesis8_armani_semicasual_Base_Pose_Standing_C_pitch_15_rot_-45_fov_50.00 failed. We skip - build_hdf5.py build_scene_hdf5_worker 2022-07-12 21:57:29,812 
[ERROR] [Errno 2] No such file or directory: 'Dataset/human_data/cache/simulated_combine_male_genesis8_basic_armani_bathrobes_Altern8_Lee_8_-_Pose_11_A/pitch_15_rot_-45_fov_50.00_ibli_0_iblj_128_shadow.png' - build_hdf5.py fill_dset 2022-07-12 21:57:29,812 
[ERROR] [Errno 2] No such file or directory: 'Dataset/human_data/cache/simulated_combine_male_genesis8_lee8_armani_informalsuit_Altern8_Lee_8_-_Pose_07_B/pitch_15_rot_-45_fov_50.00_ibli_0_iblj_128_shadow.png' - build_hdf5.py fill_dset 2022-07-12 21:57:29,813 
[ERROR] [Errno 2] No such file or directory: 'Dataset/human_data/cache/simulated_combine_male_genesis8_basic_armani_bathrobes_Base_Pose_Standing_A/pitch_15_rot_-45_fov_50.00_ibli_0_iblj_128_shadow.png' - build_hdf5.py fill_dset 2022-07-12 21:57:29,812 
[ERROR] [Errno 2] No such file or directory: 'Dataset/human_data/cache/simulated_combine_male_short_outfits_genesis8_armani_retrosweater_Base_Pose_Walking_A/pitch_15_rot_-45_fov_50.00_ibli_0_iblj_128_shadow.png' - build_hdf5.py fill_dset 2022-07-12 21:57:29,813 
[ERROR] [Errno 2] No such file or directory: 'Dataset/human_data/cache/simulated_combine_male_genesis8_basic_hywavybob_csoseta_Altern8_Lee_8_-_Pose_11_A/pitch_15_rot_-45_fov_50.00_ibli_0_iblj_128_shadow.png' - build_hdf5.py fill_dset 2022-07-12 21:57:29,812 
[INFO] base_64_16/simulated_combine_male_genesis8_basic_armani_bathrobes_Altern8_Lee_8_-_Pose_11_A_pitch_15_rot_-45_fov_50.00 failed. We skip - build_hdf5.py build_scene_hdf5_worker 2022-07-12 21:57:29,813 
[INFO] base_64_16/simulated_combine_male_genesis8_lee8_armani_informalsuit_Altern8_Lee_8_-_Pose_07_B_pitch_15_rot_-45_fov_50.00 failed. We skip - build_hdf5.py build_scene_hdf5_worker 2022-07-12 21:57:29,813 
[INFO] base_64_16/simulated_combine_male_short_outfits_genesis8_armani_retrosweater_Base_Pose_Walking_A_pitch_15_rot_-45_fov_50.00 failed. We skip - build_hdf5.py build_scene_hdf5_worker 2022-07-12 21:57:29,813 
[INFO] base_64_16/simulated_combine_male_genesis8_basic_armani_bathrobes_Base_Pose_Standing_A_pitch_15_rot_-45_fov_50.00 failed. We skip - build_hdf5.py build_scene_hdf5_worker 2022-07-12 21:57:29,813 
[INFO] base_64_16/simulated_combine_male_genesis8_basic_hywavybob_csoseta_Altern8_Lee_8_-_Pose_11_A_pitch_15_rot_-45_fov_50.00 failed. We skip - build_hdf5.py build_scene_hdf5_worker 2022-07-12 21:57:29,813 
[ERROR] [Errno 2] No such file or directory: 'Dataset/human_data/cache/simulated_combine_male_genesis8_altern8lee8_armani_packleader2_Altern8_Lee_8_-_Pose_01_A/pitch_15_rot_-45_fov_50.00_ibli_0_iblj_128_shadow.png' - build_hdf5.py fill_dset 2022-07-12 21:57:29,813 
[INFO] base_64_16/simulated_combine_male_genesis8_altern8lee8_armani_packleader2_Altern8_Lee_8_-_Pose_01_A_pitch_15_rot_-45_fov_50.00 failed. We skip - build_hdf5.py build_scene_hdf5_worker 2022-07-12 21:57:29,814 
[ERROR] [Errno 2] No such file or directory: 'Dataset/human_data/cache/simulated_combine_male_genesis8_altern8lee8_armani_packleader2_Altern8_Lee_8_-_Pose_07_A/pitch_15_rot_-45_fov_50.00_ibli_0_iblj_128_shadow.png' - build_hdf5.py fill_dset 2022-07-12 21:57:29,814 
[INFO] base_64_16/simulated_combine_male_genesis8_altern8lee8_armani_packleader2_Altern8_Lee_8_-_Pose_07_A_pitch_15_rot_-45_fov_50.00 failed. We skip - build_hdf5.py build_scene_hdf5_worker 2022-07-12 21:57:29,814 
[ERROR] [Errno 2] No such file or directory: 'Dataset/human_data/cache/simulated_combine_male_genesis8_altern8lee8_blair_pjsoutfit_Altern8_Lee_8_-_Pose_11_B/pitch_15_rot_-45_fov_50.00_ibli_0_iblj_128_shadow.png' - build_hdf5.py fill_dset 2022-07-12 21:57:29,814 
[ERROR] [Errno 2] No such file or directory: 'Dataset/human_data/cache/simulated_combine_male_short_outfits_genesis8_armani_sweateroutfitall_Base_Pose_Standing_C/pitch_15_rot_-45_fov_50.00_ibli_0_iblj_128_shadow.png' - build_hdf5.py fill_dset 2022-07-12 21:57:29,814 
[INFO] base_64_16/simulated_combine_male_genesis8_altern8lee8_blair_pjsoutfit_Altern8_Lee_8_-_Pose_11_B_pitch_15_rot_-45_fov_50.00 failed. We skip - build_hdf5.py build_scene_hdf5_worker 2022-07-12 21:57:29,814 
[ERROR] [Errno 2] No such file or directory: 'Dataset/human_data/cache/simulated_combine_male_genesis8_basic_nohair_biker_Altern8_Lee_8_-_Pose_07_A/pitch_15_rot_-45_fov_50.00_ibli_0_iblj_128_shadow.png' - build_hdf5.py fill_dset 2022-07-12 21:57:29,814 
[ERROR] [Errno 2] No such file or directory: 'Dataset/human_data/cache/simulated_combine_male_genesis8_matias_blair_csosetb_Altern8_Lee_8_-_Pose_11_A/pitch_15_rot_-45_fov_50.00_ibli_0_iblj_128_shadow.png' - build_hdf5.py fill_dset 2022-07-12 21:57:29,814 
[INFO] base_64_16/simulated_combine_male_genesis8_basic_nohair_biker_Altern8_Lee_8_-_Pose_07_A_pitch_15_rot_-45_fov_50.00 failed. We skip - build_hdf5.py build_scene_hdf5_worker 2022-07-12 21:57:29,815 
[ERROR] [Errno 2] No such file or directory: 'Dataset/human_data/cache/simulated_combine_male_short_outfits_genesis8_armani_sweateroutfitall_Base_Pose_Walking_A/pitch_15_rot_-45_fov_50.00_ibli_0_iblj_128_shadow.png' - build_hdf5.py fill_dset 2022-07-12 21:57:29,814 
[INFO] base_64_16/simulated_combine_male_short_outfits_genesis8_armani_sweateroutfitall_Base_Pose_Standing_C_pitch_15_rot_-45_fov_50.00 failed. We skip - build_hdf5.py build_scene_hdf5_worker 2022-07-12 21:57:29,815 
[ERROR] [Errno 2] No such file or directory: 'Dataset/human_data/cache/simulated_combine_male_genesis8_basic_blair_cityboy_Altern8_Lee_8_-_Pose_10_A/pitch_15_rot_-45_fov_50.00_ibli_0_iblj_128_shadow.png' - build_hdf5.py fill_dset 2022-07-12 21:57:29,814 
[INFO] base_64_16/simulated_combine_male_genesis8_matias_blair_csosetb_Altern8_Lee_8_-_Pose_11_A_pitch_15_rot_-45_fov_50.00 failed. We skip - build_hdf5.py build_scene_hdf5_worker 2022-07-12 21:57:29,815 
[INFO] base_64_16/simulated_combine_male_short_outfits_genesis8_armani_sweateroutfitall_Base_Pose_Walking_A_pitch_15_rot_-45_fov_50.00 failed. We skip - build_hdf5.py build_scene_hdf5_worker 2022-07-12 21:57:29,815 
[INFO] base_64_16/simulated_combine_male_genesis8_basic_blair_cityboy_Altern8_Lee_8_-_Pose_10_A_pitch_15_rot_-45_fov_50.00 failed. We skip - build_hdf5.py build_scene_hdf5_worker 2022-07-12 21:57:29,815 
[ERROR] [Errno 2] No such file or directory: 'Dataset/human_data/cache/simulated_combine_male_genesis8_matias_hywavybob_dsoset_Altern8_Lee_8_-_Pose_01_B/pitch_15_rot_-45_fov_50.00_ibli_0_iblj_128_shadow.png' - build_hdf5.py fill_dset 2022-07-12 21:57:29,815 
[ERROR] [Errno 2] No such file or directory: 'Dataset/human_data/cache/simulated_combine_male_genesis8_altern8lee8_blair_pjsoutfit_Altern8_Lee_8_-_Pose_10_B/pitch_15_rot_-45_fov_50.00_ibli_0_iblj_128_shadow.png' - build_hdf5.py fill_dset 2022-07-12 21:57:29,815 
[INFO] base_64_16/simulated_combine_male_genesis8_matias_hywavybob_dsoset_Altern8_Lee_8_-_Pose_01_B_pitch_15_rot_-45_fov_50.00 failed. We skip - build_hdf5.py build_scene_hdf5_worker 2022-07-12 21:57:29,815 
[INFO] base_64_16/simulated_combine_male_genesis8_altern8lee8_blair_pjsoutfit_Altern8_Lee_8_-_Pose_10_B_pitch_15_rot_-45_fov_50.00 failed. We skip - build_hdf5.py build_scene_hdf5_worker 2022-07-12 21:57:29,815 
[ERROR] [Errno 2] No such file or directory: 'Dataset/human_data/cache/simulated_combine_male_genesis8_basic_hywavybob_csoseta_Base_Pose_Walking_A/pitch_15_rot_-45_fov_50.00_ibli_0_iblj_128_shadow.png' - build_hdf5.py fill_dset 2022-07-12 21:57:29,815 
[INFO] base_64_16/simulated_combine_male_genesis8_basic_hywavybob_csoseta_Base_Pose_Walking_A_pitch_15_rot_-45_fov_50.00 failed. We skip - build_hdf5.py build_scene_hdf5_worker 2022-07-12 21:57:29,816 
[ERROR] [Errno 2] No such file or directory: 'Dataset/human_data/cache/simulated_combine_male_genesis8_basic_nohair_biker_Altern8_Lee_8_-_Pose_11_B/pitch_15_rot_-45_fov_50.00_ibli_0_iblj_128_shadow.png' - build_hdf5.py fill_dset 2022-07-12 21:57:29,816 
[ERROR] [Errno 2] No such file or directory: 'Dataset/human_data/cache/simulated_combine_male_genesis8_matias_nohair_frenchpainter_Base_Pose_Walking_A/pitch_15_rot_-45_fov_50.00_ibli_0_iblj_128_shadow.png' - build_hdf5.py fill_dset 2022-07-12 21:57:29,816 
[ERROR] [Errno 2] No such file or directory: 'Dataset/human_data/cache/simulated_combine_male_genesis8_altern8lee8_armani_packleader2_Base_Pose_Standing_A/pitch_15_rot_-45_fov_50.00_ibli_0_iblj_128_shadow.png' - build_hdf5.py fill_dset 2022-07-12 21:57:29,815 
[INFO] base_64_16/simulated_combine_male_genesis8_basic_nohair_biker_Altern8_Lee_8_-_Pose_11_B_pitch_15_rot_-45_fov_50.00 failed. We skip - build_hdf5.py build_scene_hdf5_worker 2022-07-12 21:57:29,816 
[INFO] base_64_16/simulated_combine_male_genesis8_matias_nohair_frenchpainter_Base_Pose_Walking_A_pitch_15_rot_-45_fov_50.00 failed. We skip - build_hdf5.py build_scene_hdf5_worker 2022-07-12 21:57:29,816 
[ERROR] [Errno 2] No such file or directory: 'Dataset/human_data/cache/simulated_combine_male_genesis8_altern8lee8_nohair_wintersnowoutfit_Base_Pose_Standing_C/pitch_15_rot_-45_fov_50.00_ibli_0_iblj_128_shadow.png' - build_hdf5.py fill_dset 2022-07-12 21:57:29,816 
[INFO] base_64_16/simulated_combine_male_genesis8_altern8lee8_armani_packleader2_Base_Pose_Standing_A_pitch_15_rot_-45_fov_50.00 failed. We skip - build_hdf5.py build_scene_hdf5_worker 2022-07-12 21:57:29,816 
[ERROR] [Errno 2] No such file or directory: 'Dataset/human_data/cache/simulated_combine_male_genesis8_matias_blair_csosetb_Base_Pose_Standing_A/pitch_15_rot_-45_fov_50.00_ibli_0_iblj_128_shadow.png' - build_hdf5.py fill_dset 2022-07-12 21:57:29,816 
[ERROR] [Errno 2] No such file or directory: 'Dataset/human_data/cache/simulated_combine_male_genesis8_basic_blair_cityboy_Base_Pose_Walking_A/pitch_15_rot_-45_fov_50.00_ibli_0_iblj_128_shadow.png' - build_hdf5.py fill_dset 2022-07-12 21:57:29,816 
[INFO] base_64_16/simulated_combine_male_genesis8_altern8lee8_nohair_wintersnowoutfit_Base_Pose_Standing_C_pitch_15_rot_-45_fov_50.00 failed. We skip - build_hdf5.py build_scene_hdf5_worker 2022-07-12 21:57:29,816 
[ERROR] [Errno 2] No such file or directory: 'Dataset/human_data/cache/simulated_combine_male_short_outfits_genesis8_armani_sweateroutfitall_Base_Pose_Standing_A/pitch_15_rot_-45_fov_50.00_ibli_0_iblj_128_shadow.png' - build_hdf5.py fill_dset 2022-07-12 21:57:29,816 
[INFO] base_64_16/simulated_combine_male_genesis8_matias_blair_csosetb_Base_Pose_Standing_A_pitch_15_rot_-45_fov_50.00 failed. We skip - build_hdf5.py build_scene_hdf5_worker 2022-07-12 21:57:29,816 
[INFO] base_64_16/simulated_combine_male_genesis8_basic_blair_cityboy_Base_Pose_Walking_A_pitch_15_rot_-45_fov_50.00 failed. We skip - build_hdf5.py build_scene_hdf5_worker 2022-07-12 21:57:29,816 
[ERROR] [Errno 2] No such file or directory: 'Dataset/human_data/cache/simulated_combine_male_genesis8_lee8_hywavybob_packleader1_Altern8_Lee_8_-_Pose_01_B/pitch_15_rot_-45_fov_50.00_ibli_0_iblj_128_shadow.png' - build_hdf5.py fill_dset 2022-07-12 21:57:29,816 
[INFO] base_64_16/simulated_combine_male_short_outfits_genesis8_armani_sweateroutfitall_Base_Pose_Standing_A_pitch_15_rot_-45_fov_50.00 failed. We skip - build_hdf5.py build_scene_hdf5_worker 2022-07-12 21:57:29,817 
[INFO] base_64_16/simulated_combine_male_genesis8_lee8_hywavybob_packleader1_Altern8_Lee_8_-_Pose_01_B_pitch_15_rot_-45_fov_50.00 failed. We skip - build_hdf5.py build_scene_hdf5_worker 2022-07-12 21:57:29,817 
[ERROR] [Errno 2] No such file or directory: 'Dataset/human_data/cache/simulated_combine_male_genesis8_matias_nohair_frenchpainter_Altern8_Lee_8_-_Pose_07_A/pitch_15_rot_-45_fov_50.00_ibli_0_iblj_128_shadow.png' - build_hdf5.py fill_dset 2022-07-12 21:57:29,818 
[INFO] base_64_16/simulated_combine_male_genesis8_matias_nohair_frenchpainter_Altern8_Lee_8_-_Pose_07_A_pitch_15_rot_-45_fov_50.00 failed. We skip - build_hdf5.py build_scene_hdf5_worker 2022-07-12 21:57:29,819 
[ERROR] [Errno 2] No such file or directory: 'Dataset/human_data/cache/simulated_combine_male_genesis8_basic_nohair_biker_Base_Pose_Walking_B/pitch_41.18244_rot_-65.93046_fov_50.00_ibli_0_iblj_128_shadow.png' - build_hdf5.py fill_dset 2022-07-12 22:02:02,835 
[INFO] base_64_16/simulated_combine_male_genesis8_basic_nohair_biker_Base_Pose_Walking_B_pitch_41.18244_rot_-65.93046_fov_50.00 failed. We skip - build_hdf5.py build_scene_hdf5_worker 2022-07-12 22:02:02,835 
[ERROR] [Errno 2] No such file or directory: 'Dataset/human_data/cache/simulated_combine_male_genesis8_basic_nohair_biker_Altern8_Lee_8_-_Pose_01_A/pitch_0.00237_rot_69.42180_fov_50.00_ibli_0_iblj_128_shadow.png' - build_hdf5.py fill_dset 2022-07-12 22:02:02,837 
[ERROR] [Errno 2] No such file or directory: 'Dataset/human_data/cache/combine_male_genesis2_surferguy_nohair_nocloth_Standing_Base_12/pitch_29.39167_rot_39.17213_fov_50.00_ibli_0_iblj_128_shadow.png' - build_hdf5.py fill_dset 2022-07-12 22:02:02,838 
[INFO] base_64_16/simulated_combine_male_genesis8_basic_nohair_biker_Altern8_Lee_8_-_Pose_01_A_pitch_0.00237_rot_69.42180_fov_50.00 failed. We skip - build_hdf5.py build_scene_hdf5_worker 2022-07-12 22:02:02,838 
[INFO] base_64_16/combine_male_genesis2_surferguy_nohair_nocloth_Standing_Base_12_pitch_29.39167_rot_39.17213_fov_50.00 failed. We skip - build_hdf5.py build_scene_hdf5_worker 2022-07-12 22:02:02,838 
[ERROR] [Errno 2] No such file or directory: 'Dataset/human_data/cache/simulated_combine_male_genesis8_lee8_armani_informalsuit_Altern8_Lee_8_-_Pose_01_B/pitch_10.71067_rot_-50.75851_fov_50.00_ibli_0_iblj_128_shadow.png' - build_hdf5.py fill_dset 2022-07-12 22:02:02,838 
[INFO] base_64_16/simulated_combine_male_genesis8_lee8_armani_informalsuit_Altern8_Lee_8_-_Pose_01_B_pitch_10.71067_rot_-50.75851_fov_50.00 failed. We skip - build_hdf5.py build_scene_hdf5_worker 2022-07-12 22:02:02,838 
[ERROR] [Errno 2] No such file or directory: 'Dataset/human_data/cache/simulated_combine_male_genesis8_basic_nohair_biker_Base_Pose_Walking_B/pitch_8.57819_rot_10.57869_fov_50.00_ibli_0_iblj_128_shadow.png' - build_hdf5.py fill_dset 2022-07-12 22:02:02,836 
[ERROR] [Errno 2] No such file or directory: 'Dataset/human_data/cache/simulated_combine_male_short_outfits_genesis8_armani_retrosweater_Base_Pose_Standing_A/pitch_12.91713_rot_41.61733_fov_50.00_ibli_0_iblj_128_shadow.png' - build_hdf5.py fill_dset 2022-07-12 22:02:02,839 
[ERROR] [Errno 2] No such file or directory: 'Dataset/human_data/cache/simulated_combine_male_short_outfits_genesis8_armani_retrosweater_Base_Pose_Standing_A/pitch_27.45524_rot_-89.65967_fov_50.00_ibli_0_iblj_128_shadow.png' - build_hdf5.py fill_dset 2022-07-12 22:02:02,839 
[INFO] base_64_16/simulated_combine_male_genesis8_basic_nohair_biker_Base_Pose_Walking_B_pitch_8.57819_rot_10.57869_fov_50.00 failed. We skip - build_hdf5.py build_scene_hdf5_worker 2022-07-12 22:02:02,839 
[INFO] base_64_16/simulated_combine_male_short_outfits_genesis8_armani_retrosweater_Base_Pose_Standing_A_pitch_27.45524_rot_-89.65967_fov_50.00 failed. We skip - build_hdf5.py build_scene_hdf5_worker 2022-07-12 22:02:02,839 
[INFO] base_64_16/simulated_combine_male_short_outfits_genesis8_armani_retrosweater_Base_Pose_Standing_A_pitch_12.91713_rot_41.61733_fov_50.00 failed. We skip - build_hdf5.py build_scene_hdf5_worker 2022-07-12 22:02:02,839 
[ERROR] [Errno 2] No such file or directory: 'Dataset/human_data/cache/simulated_combine_male_genesis8_basic_nohair_biker_Altern8_Lee_8_-_Pose_01_A/pitch_15.74001_rot_-67.38085_fov_50.00_ibli_0_iblj_128_shadow.png' - build_hdf5.py fill_dset 2022-07-12 22:02:02,839 
[ERROR] [Errno 2] No such file or directory: 'Dataset/human_data/cache/simulated_combine_male_genesis8_matias_hywavybob_dsoset_Altern8_Lee_8_-_Pose_10_B/pitch_36.12222_rot_-14.95871_fov_50.00_ibli_0_iblj_128_shadow.png' - build_hdf5.py fill_dset 2022-07-12 22:02:02,839 
[INFO] base_64_16/simulated_combine_male_genesis8_matias_hywavybob_dsoset_Altern8_Lee_8_-_Pose_10_B_pitch_36.12222_rot_-14.95871_fov_50.00 failed. We skip - build_hdf5.py build_scene_hdf5_worker 2022-07-12 22:02:02,840 
[INFO] base_64_16/simulated_combine_male_genesis8_basic_nohair_biker_Altern8_Lee_8_-_Pose_01_A_pitch_15.74001_rot_-67.38085_fov_50.00 failed. We skip - build_hdf5.py build_scene_hdf5_worker 2022-07-12 22:02:02,840 
[ERROR] [Errno 2] No such file or directory: 'Dataset/human_data/cache/simulated_combine_male_genesis8_lee8_hywavybob_packleader1_Altern8_Lee_8_-_Pose_10_B/pitch_3.89978_rot_-73.80973_fov_50.00_ibli_0_iblj_128_shadow.png' - build_hdf5.py fill_dset 2022-07-12 22:02:02,839 
[ERROR] [Errno 2] No such file or directory: 'Dataset/human_data/cache/combine_male_genesis2_surferguy_nohair_nocloth_Standing_Base_09/pitch_37.14885_rot_-4.14584_fov_50.00_ibli_0_iblj_128_shadow.png' - build_hdf5.py fill_dset 2022-07-12 22:02:02,840 
[INFO] base_64_16/combine_male_genesis2_surferguy_nohair_nocloth_Standing_Base_09_pitch_37.14885_rot_-4.14584_fov_50.00 failed. We skip - build_hdf5.py build_scene_hdf5_worker 2022-07-12 22:02:02,840 
[INFO] base_64_16/simulated_combine_male_genesis8_lee8_hywavybob_packleader1_Altern8_Lee_8_-_Pose_10_B_pitch_3.89978_rot_-73.80973_fov_50.00 failed. We skip - build_hdf5.py build_scene_hdf5_worker 2022-07-12 22:02:02,840 
[ERROR] [Errno 2] No such file or directory: 'Dataset/human_data/cache/simulated_combine_male_genesis8_altern8lee8_nohair_wintersnowoutfit_Altern8_Lee_8_-_Pose_11_B/pitch_20.87099_rot_-46.02876_fov_50.00_ibli_0_iblj_128_shadow.png' - build_hdf5.py fill_dset 2022-07-12 22:02:02,840 
[INFO] base_64_16/simulated_combine_male_genesis8_altern8lee8_nohair_wintersnowoutfit_Altern8_Lee_8_-_Pose_11_B_pitch_20.87099_rot_-46.02876_fov_50.00 failed. We skip - build_hdf5.py build_scene_hdf5_worker 2022-07-12 22:02:02,840 
[ERROR] [Errno 2] No such file or directory: 'Dataset/human_data/cache/combine_male_genesis2_surferguy_nohair_nocloth_Standing_Base_18/pitch_14.71699_rot_-49.76729_fov_50.00_ibli_0_iblj_128_shadow.png' - build_hdf5.py fill_dset 2022-07-12 22:02:02,840 
[ERROR] [Errno 2] No such file or directory: 'Dataset/human_data/cache/simulated_combine_male_genesis8_matias_hywavybob_dsoset_Altern8_Lee_8_-_Pose_11_B/pitch_29.39167_rot_39.17213_fov_50.00_ibli_0_iblj_128_shadow.png' - build_hdf5.py fill_dset 2022-07-12 22:02:02,840 
[INFO] base_64_16/combine_male_genesis2_surferguy_nohair_nocloth_Standing_Base_18_pitch_14.71699_rot_-49.76729_fov_50.00 failed. We skip - build_hdf5.py build_scene_hdf5_worker 2022-07-12 22:02:02,841 
[INFO] base_64_16/simulated_combine_male_genesis8_matias_hywavybob_dsoset_Altern8_Lee_8_-_Pose_11_B_pitch_29.39167_rot_39.17213_fov_50.00 failed. We skip - build_hdf5.py build_scene_hdf5_worker 2022-07-12 22:02:02,841 
[ERROR] [Errno 2] No such file or directory: 'Dataset/human_data/cache/simulated_combine_female_short_outfits_genesis8_toulouse_formalmegawardrobepreset14_CDIG8Female_StandF/pitch_27.45524_rot_-89.65967_fov_50.00_ibli_0_iblj_128_shadow.png' - build_hdf5.py fill_dset 2022-07-12 22:02:02,841 
[ERROR] [Errno 2] No such file or directory: 'Dataset/human_data/cache/simulated_combine_male_genesis8_lee8_hywavybob_packleader1_Altern8_Lee_8_-_Pose_10_B/pitch_0.04121_rot_75.06210_fov_50.00_ibli_0_iblj_128_shadow.png' - build_hdf5.py fill_dset 2022-07-12 22:02:02,841 
[ERROR] [Errno 2] No such file or directory: 'Dataset/human_data/cache/simulated_combine_female_short_outfits_genesis8_toulouse_formalmegawardrobepreset14_CDIG8Female_StandF/pitch_12.91713_rot_41.61733_fov_50.00_ibli_0_iblj_128_shadow.png' - build_hdf5.py fill_dset 2022-07-12 22:02:02,839 
[ERROR] [Errno 2] No such file or directory: 'Dataset/human_data/cache/simulated_combine_male_genesis8_matias_hywavybob_dsoset_Altern8_Lee_8_-_Pose_11_B/pitch_14.89864_rot_48.54800_fov_50.00_ibli_0_iblj_128_shadow.png' - build_hdf5.py fill_dset 2022-07-12 22:02:02,841 
[INFO] base_64_16/simulated_combine_female_short_outfits_genesis8_toulouse_formalmegawardrobepreset14_CDIG8Female_StandF_pitch_27.45524_rot_-89.65967_fov_50.00 failed. We skip - build_hdf5.py build_scene_hdf5_worker 2022-07-12 22:02:02,841 
[INFO] base_64_16/simulated_combine_male_genesis8_lee8_hywavybob_packleader1_Altern8_Lee_8_-_Pose_10_B_pitch_0.04121_rot_75.06210_fov_50.00 failed. We skip - build_hdf5.py build_scene_hdf5_worker 2022-07-12 22:02:02,842 
[INFO] base_64_16/simulated_combine_female_short_outfits_genesis8_toulouse_formalmegawardrobepreset14_CDIG8Female_StandF_pitch_12.91713_rot_41.61733_fov_50.00 failed. We skip - build_hdf5.py build_scene_hdf5_worker 2022-07-12 22:02:02,842 
[INFO] base_64_16/simulated_combine_male_genesis8_matias_hywavybob_dsoset_Altern8_Lee_8_-_Pose_11_B_pitch_14.89864_rot_48.54800_fov_50.00 failed. We skip - build_hdf5.py build_scene_hdf5_worker 2022-07-12 22:02:02,842 
[ERROR] [Errno 2] No such file or directory: 'Dataset/human_data/cache/simulated_combine_male_genesis8_altern8lee8_nohair_wintersnowoutfit_Altern8_Lee_8_-_Pose_11_B/pitch_32.35275_rot_33.27762_fov_50.00_ibli_0_iblj_128_shadow.png' - build_hdf5.py fill_dset 2022-07-12 22:02:02,841 
[ERROR] [Errno 2] No such file or directory: 'Dataset/human_data/cache/simulated_combine_male_genesis8_lee8_armani_informalsuit_Altern8_Lee_8_-_Pose_01_B/pitch_37.14885_rot_-4.14584_fov_50.00_ibli_0_iblj_128_shadow.png' - build_hdf5.py fill_dset 2022-07-12 22:02:02,841 
[INFO] base_64_16/simulated_combine_male_genesis8_altern8lee8_nohair_wintersnowoutfit_Altern8_Lee_8_-_Pose_11_B_pitch_32.35275_rot_33.27762_fov_50.00 failed. We skip - build_hdf5.py build_scene_hdf5_worker 2022-07-12 22:02:02,842 
[INFO] base_64_16/simulated_combine_male_genesis8_lee8_armani_informalsuit_Altern8_Lee_8_-_Pose_01_B_pitch_37.14885_rot_-4.14584_fov_50.00 failed. We skip - build_hdf5.py build_scene_hdf5_worker 2022-07-12 22:02:02,842 
[ERROR] [Errno 2] No such file or directory: 'Dataset/human_data/cache/simulated_combine_male_genesis8_lee8_armani_informalsuit_Altern8_Lee_8_-_Pose_07_B/pitch_27.55593_rot_-12.67220_fov_50.00_ibli_0_iblj_128_shadow.png' - build_hdf5.py fill_dset 2022-07-12 22:02:02,843 
[ERROR] [Errno 2] No such file or directory: 'Dataset/human_data/cache/combine_male_genesis2_surferguy_nohair_nocloth_Standing_Base_18/pitch_27.55593_rot_-12.67220_fov_50.00_ibli_0_iblj_128_shadow.png' - build_hdf5.py fill_dset 2022-07-12 22:02:02,842 
[INFO] base_64_16/simulated_combine_male_genesis8_lee8_armani_informalsuit_Altern8_Lee_8_-_Pose_07_B_pitch_27.55593_rot_-12.67220_fov_50.00 failed. We skip - build_hdf5.py build_scene_hdf5_worker 2022-07-12 22:02:02,843 
[ERROR] [Errno 2] No such file or directory: 'Dataset/human_data/cache/simulated_combine_male_genesis8_basic_armani_bathrobes_Base_Pose_Standing_A/pitch_16.98661_rot_47.07991_fov_50.00_ibli_0_iblj_128_shadow.png' - build_hdf5.py fill_dset 2022-07-12 22:02:02,842 
[ERROR] [Errno 2] No such file or directory: 'Dataset/human_data/cache/simulated_combine_male_genesis8_lee8_armani_informalsuit_Altern8_Lee_8_-_Pose_07_B/pitch_14.71699_rot_-49.76729_fov_50.00_ibli_0_iblj_128_shadow.png' - build_hdf5.py fill_dset 2022-07-12 22:02:02,843 
[INFO] base_64_16/simulated_combine_male_genesis8_lee8_armani_informalsuit_Altern8_Lee_8_-_Pose_07_B_pitch_14.71699_rot_-49.76729_fov_50.00 failed. We skip - build_hdf5.py build_scene_hdf5_worker 2022-07-12 22:02:02,843 
[INFO] base_64_16/simulated_combine_male_genesis8_basic_armani_bathrobes_Base_Pose_Standing_A_pitch_16.98661_rot_47.07991_fov_50.00 failed. We skip - build_hdf5.py build_scene_hdf5_worker 2022-07-12 22:02:02,843 
[ERROR] [Errno 2] No such file or directory: 'Dataset/human_data/cache/combine_male_genesis2_surferguy_nohair_nocloth_Standing_Base_09/pitch_10.71067_rot_-50.75851_fov_50.00_ibli_0_iblj_128_shadow.png' - build_hdf5.py fill_dset 2022-07-12 22:02:02,842 
[INFO] base_64_16/combine_male_genesis2_surferguy_nohair_nocloth_Standing_Base_18_pitch_27.55593_rot_-12.67220_fov_50.00 failed. We skip - build_hdf5.py build_scene_hdf5_worker 2022-07-12 22:02:02,843 
[ERROR] [Errno 2] No such file or directory: 'Dataset/human_data/cache/simulated_combine_male_genesis8_matias_hywavybob_dsoset_Altern8_Lee_8_-_Pose_10_B/pitch_41.60277_rot_18.91979_fov_50.00_ibli_0_iblj_128_shadow.png' - build_hdf5.py fill_dset 2022-07-12 22:02:02,843 
[INFO] base_64_16/combine_male_genesis2_surferguy_nohair_nocloth_Standing_Base_09_pitch_10.71067_rot_-50.75851_fov_50.00 failed. We skip - build_hdf5.py build_scene_hdf5_worker 2022-07-12 22:02:02,843 
[INFO] base_64_16/simulated_combine_male_genesis8_matias_hywavybob_dsoset_Altern8_Lee_8_-_Pose_10_B_pitch_41.60277_rot_18.91979_fov_50.00 failed. We skip - build_hdf5.py build_scene_hdf5_worker 2022-07-12 22:02:02,844 
[ERROR] [Errno 2] No such file or directory: 'Dataset/human_data/cache/simulated_combine_male_genesis8_altern8lee8_blair_pjsoutfit_Altern8_Lee_8_-_Pose_10_B/pitch_18.98584_rot_12.01384_fov_50.00_ibli_0_iblj_128_shadow.png' - build_hdf5.py fill_dset 2022-07-12 22:02:02,844 
[INFO] base_64_16/simulated_combine_male_genesis8_altern8lee8_blair_pjsoutfit_Altern8_Lee_8_-_Pose_10_B_pitch_18.98584_rot_12.01384_fov_50.00 failed. We skip - build_hdf5.py build_scene_hdf5_worker 2022-07-12 22:02:02,844 
[ERROR] [Errno 2] No such file or directory: 'Dataset/human_data/cache/combine_male_genesis2_surferguy_nohair_nocloth_Standing_Base_14/pitch_36.12222_rot_-14.95871_fov_50.00_ibli_0_iblj_128_shadow.png' - build_hdf5.py fill_dset 2022-07-12 22:02:02,844 
[ERROR] [Errno 2] No such file or directory: 'Dataset/human_data/cache/simulated_combine_female_short_outfits_genesis8_toulouse_formalmegawardrobepreset14_Base_Pose_Walking_A/pitch_40.36892_rot_35.08340_fov_50.00_ibli_0_iblj_128_shadow.png' - build_hdf5.py fill_dset 2022-07-12 22:02:02,844 
[ERROR] [Errno 2] No such file or directory: 'Dataset/human_data/cache/combine_male_genesis2_surferguy_nohair_nocloth_Standing_Base_16/pitch_31.68647_rot_-70.24477_fov_50.00_ibli_0_iblj_128_shadow.png' - build_hdf5.py fill_dset 2022-07-12 22:02:02,844 
[ERROR] [Errno 2] No such file or directory: 'Dataset/human_data/cache/combine_male_genesis2_surferguy_nohair_nocloth_Standing_Base_12/pitch_14.89864_rot_48.54800_fov_50.00_ibli_0_iblj_128_shadow.png' - build_hdf5.py fill_dset 2022-07-12 22:02:02,844 
[ERROR] [Errno 2] No such file or directory: 'Dataset/human_data/cache/simulated_combine_female_short_outfits_genesis8_toulouse_formalmegawardrobepreset14_CDIG8Female_StandH/pitch_24.25388_rot_53.07333_fov_50.00_ibli_0_iblj_128_shadow.png' - build_hdf5.py fill_dset 2022-07-12 22:02:02,844 
[INFO] base_64_16/simulated_combine_female_short_outfits_genesis8_toulouse_formalmegawardrobepreset14_Base_Pose_Walking_A_pitch_40.36892_rot_35.08340_fov_50.00 failed. We skip - build_hdf5.py build_scene_hdf5_worker 2022-07-12 22:02:02,844 
[INFO] base_64_16/combine_male_genesis2_surferguy_nohair_nocloth_Standing_Base_14_pitch_36.12222_rot_-14.95871_fov_50.00 failed. We skip - build_hdf5.py build_scene_hdf5_worker 2022-07-12 22:02:02,844 
[INFO] base_64_16/combine_male_genesis2_surferguy_nohair_nocloth_Standing_Base_16_pitch_31.68647_rot_-70.24477_fov_50.00 failed. We skip - build_hdf5.py build_scene_hdf5_worker 2022-07-12 22:02:02,844 
[INFO] base_64_16/combine_male_genesis2_surferguy_nohair_nocloth_Standing_Base_12_pitch_14.89864_rot_48.54800_fov_50.00 failed. We skip - build_hdf5.py build_scene_hdf5_worker 2022-07-12 22:02:02,844 
[INFO] base_64_16/simulated_combine_female_short_outfits_genesis8_toulouse_formalmegawardrobepreset14_CDIG8Female_StandH_pitch_24.25388_rot_53.07333_fov_50.00 failed. We skip - build_hdf5.py build_scene_hdf5_worker 2022-07-12 22:02:02,845 
[ERROR] [Errno 2] No such file or directory: 'Dataset/human_data/cache/simulated_combine_male_genesis8_basic_armani_bathrobes_Altern8_Lee_8_-_Pose_11_A/pitch_31.99316_rot_76.71638_fov_50.00_ibli_0_iblj_128_shadow.png' - build_hdf5.py fill_dset 2022-07-12 22:02:02,844 
[ERROR] [Errno 2] No such file or directory: 'Dataset/human_data/cache/simulated_combine_male_genesis8_basic_armani_bathrobes_Base_Pose_Standing_A/pitch_31.68647_rot_-70.24477_fov_50.00_ibli_0_iblj_128_shadow.png' - build_hdf5.py fill_dset 2022-07-12 22:02:02,844 
[INFO] base_64_16/simulated_combine_male_genesis8_basic_armani_bathrobes_Altern8_Lee_8_-_Pose_11_A_pitch_31.99316_rot_76.71638_fov_50.00 failed. We skip - build_hdf5.py build_scene_hdf5_worker 2022-07-12 22:02:02,845 
[ERROR] [Errno 2] No such file or directory: 'Dataset/human_data/cache/simulated_combine_female_short_outfits_genesis8_toulouse_formalmegawardrobepreset14_Base_Pose_Walking_A/pitch_14.61084_rot_41.26565_fov_50.00_ibli_0_iblj_128_shadow.png' - build_hdf5.py fill_dset 2022-07-12 22:02:02,845 
[ERROR] [Errno 2] No such file or directory: 'Dataset/human_data/cache/simulated_combine_female_short_outfits_genesis8_toulouse_formalmegawardrobepreset14_CDIG8Female_StandH/pitch_18.98584_rot_12.01384_fov_50.00_ibli_0_iblj_128_shadow.png' - build_hdf5.py fill_dset 2022-07-12 22:02:02,845 
[INFO] base_64_16/simulated_combine_female_short_outfits_genesis8_toulouse_formalmegawardrobepreset14_Base_Pose_Walking_A_pitch_14.61084_rot_41.26565_fov_50.00 failed. We skip - build_hdf5.py build_scene_hdf5_worker 2022-07-12 22:02:02,845 
[INFO] base_64_16/simulated_combine_male_genesis8_basic_armani_bathrobes_Base_Pose_Standing_A_pitch_31.68647_rot_-70.24477_fov_50.00 failed. We skip - build_hdf5.py build_scene_hdf5_worker 2022-07-12 22:02:02,845 
[INFO] base_64_16/simulated_combine_female_short_outfits_genesis8_toulouse_formalmegawardrobepreset14_CDIG8Female_StandH_pitch_18.98584_rot_12.01384_fov_50.00 failed. We skip - build_hdf5.py build_scene_hdf5_worker 2022-07-12 22:02:02,845 
[ERROR] [Errno 2] No such file or directory: 'Dataset/human_data/cache/simulated_combine_male_genesis8_matias_nohair_frenchpainter_Altern8_Lee_8_-_Pose_07_A/pitch_42.42225_rot_-50.51514_fov_50.00_ibli_0_iblj_128_shadow.png' - build_hdf5.py fill_dset 2022-07-12 22:02:02,845 
[ERROR] [Errno 2] No such file or directory: 'Dataset/human_data/cache/simulated_combine_female_short_outfits_genesis8_toulouse_formalmegawardrobepreset14_Base_Pose_Standing_A/pitch_12.19932_rot_28.77416_fov_50.00_ibli_0_iblj_128_shadow.png' - build_hdf5.py fill_dset 2022-07-12 22:02:02,845 
[ERROR] [Errno 2] No such file or directory: 'Dataset/human_data/cache/simulated_combine_female_short_outfits_genesis8_toulouse_formalmegawardrobepreset14_Base_Pose_Standing_C/pitch_31.99316_rot_76.71638_fov_50.00_ibli_0_iblj_128_shadow.png' - build_hdf5.py fill_dset 2022-07-12 22:02:02,845 
[ERROR] [Errno 2] No such file or directory: 'Dataset/human_data/cache/simulated_combine_female_short_outfits_genesis8_toulouse_formalmegawardrobepreset14_Base_Pose_Walking_B/pitch_32.35275_rot_33.27762_fov_50.00_ibli_0_iblj_128_shadow.png' - build_hdf5.py fill_dset 2022-07-12 22:02:02,846 
[INFO] base_64_16/simulated_combine_male_genesis8_matias_nohair_frenchpainter_Altern8_Lee_8_-_Pose_07_A_pitch_42.42225_rot_-50.51514_fov_50.00 failed. We skip - build_hdf5.py build_scene_hdf5_worker 2022-07-12 22:02:02,846 
[INFO] base_64_16/simulated_combine_female_short_outfits_genesis8_toulouse_formalmegawardrobepreset14_Base_Pose_Standing_A_pitch_12.19932_rot_28.77416_fov_50.00 failed. We skip - build_hdf5.py build_scene_hdf5_worker 2022-07-12 22:02:02,846 
[ERROR] [Errno 2] No such file or directory: 'Dataset/human_data/cache/simulated_combine_male_genesis8_matias_nohair_frenchpainter_Altern8_Lee_8_-_Pose_07_A/pitch_30.29465_rot_-88.69324_fov_50.00_ibli_0_iblj_128_shadow.png' - build_hdf5.py fill_dset 2022-07-12 22:02:02,846 
[INFO] base_64_16/simulated_combine_female_short_outfits_genesis8_toulouse_formalmegawardrobepreset14_Base_Pose_Walking_B_pitch_32.35275_rot_33.27762_fov_50.00 failed. We skip - build_hdf5.py build_scene_hdf5_worker 2022-07-12 22:02:02,846 
[INFO] base_64_16/simulated_combine_male_genesis8_matias_nohair_frenchpainter_Altern8_Lee_8_-_Pose_07_A_pitch_30.29465_rot_-88.69324_fov_50.00 failed. We skip - build_hdf5.py build_scene_hdf5_worker 2022-07-12 22:02:02,846 
[INFO] base_64_16/simulated_combine_female_short_outfits_genesis8_toulouse_formalmegawardrobepreset14_Base_Pose_Standing_C_pitch_31.99316_rot_76.71638_fov_50.00 failed. We skip - build_hdf5.py build_scene_hdf5_worker 2022-07-12 22:02:02,846 
[ERROR] [Errno 2] No such file or directory: 'Dataset/human_data/cache/simulated_combine_male_genesis8_basic_hywavybob_csoseta_Base_Pose_Standing_A/pitch_40.36892_rot_35.08340_fov_50.00_ibli_0_iblj_128_shadow.png' - build_hdf5.py fill_dset 2022-07-12 22:02:02,846 
[INFO] base_64_16/simulated_combine_male_genesis8_basic_hywavybob_csoseta_Base_Pose_Standing_A_pitch_40.36892_rot_35.08340_fov_50.00 failed. We skip - build_hdf5.py build_scene_hdf5_worker 2022-07-12 22:02:02,846 
[ERROR] [Errno 2] No such file or directory: 'Dataset/human_data/cache/simulated_combine_male_genesis8_altern8lee8_nohair_wintersnowoutfit_Base_Pose_Standing_C/pitch_12.19932_rot_28.77416_fov_50.00_ibli_0_iblj_128_shadow.png' - build_hdf5.py fill_dset 2022-07-12 22:02:02,846 
[INFO] base_64_16/simulated_combine_male_genesis8_altern8lee8_nohair_wintersnowoutfit_Base_Pose_Standing_C_pitch_12.19932_rot_28.77416_fov_50.00 failed. We skip - build_hdf5.py build_scene_hdf5_worker 2022-07-12 22:02:02,847 
[ERROR] [Errno 2] No such file or directory: 'Dataset/human_data/cache/simulated_combine_female_short_outfits_genesis8_toulouse_formalmegawardrobepreset14_Base_Pose_Standing_C/pitch_32.50386_rot_-70.84718_fov_50.00_ibli_0_iblj_128_shadow.png' - build_hdf5.py fill_dset 2022-07-12 22:02:02,846 
[ERROR] [Errno 2] No such file or directory: 'Dataset/human_data/cache/simulated_combine_female_short_outfits_genesis8_toulouse_formalmegawardrobepreset14_Base_Pose_Walking_B/pitch_20.87099_rot_-46.02876_fov_50.00_ibli_0_iblj_128_shadow.png' - build_hdf5.py fill_dset 2022-07-12 22:02:02,846 
[INFO] base_64_16/simulated_combine_female_short_outfits_genesis8_toulouse_formalmegawardrobepreset14_Base_Pose_Walking_B_pitch_20.87099_rot_-46.02876_fov_50.00 failed. We skip - build_hdf5.py build_scene_hdf5_worker 2022-07-12 22:02:02,847 
[INFO] base_64_16/simulated_combine_female_short_outfits_genesis8_toulouse_formalmegawardrobepreset14_Base_Pose_Standing_C_pitch_32.50386_rot_-70.84718_fov_50.00 failed. We skip - build_hdf5.py build_scene_hdf5_worker 2022-07-12 22:02:02,847 
[ERROR] [Errno 2] No such file or directory: 'Dataset/human_data/cache/simulated_combine_male_genesis8_basic_hywavybob_csoseta_Base_Pose_Standing_A/pitch_14.61084_rot_41.26565_fov_50.00_ibli_0_iblj_128_shadow.png' - build_hdf5.py fill_dset 2022-07-12 22:02:02,846 
[ERROR] [Errno 2] No such file or directory: 'Dataset/human_data/cache/simulated_combine_male_genesis8_altern8lee8_nohair_wintersnowoutfit_Base_Pose_Standing_C/pitch_15.81343_rot_-23.66614_fov_50.00_ibli_0_iblj_128_shadow.png' - build_hdf5.py fill_dset 2022-07-12 22:02:02,847 
[INFO] base_64_16/simulated_combine_male_genesis8_basic_hywavybob_csoseta_Base_Pose_Standing_A_pitch_14.61084_rot_41.26565_fov_50.00 failed. We skip - build_hdf5.py build_scene_hdf5_worker 2022-07-12 22:02:02,847 
[INFO] base_64_16/simulated_combine_male_genesis8_altern8lee8_nohair_wintersnowoutfit_Base_Pose_Standing_C_pitch_15.81343_rot_-23.66614_fov_50.00 failed. We skip - build_hdf5.py build_scene_hdf5_worker 2022-07-12 22:02:02,848 
[ERROR] [Errno 2] No such file or directory: 'Dataset/human_data/cache/simulated_combine_male_genesis8_altern8lee8_blair_pjsoutfit_Altern8_Lee_8_-_Pose_10_B/pitch_24.25388_rot_53.07333_fov_50.00_ibli_0_iblj_128_shadow.png' - build_hdf5.py fill_dset 2022-07-12 22:02:02,847 
[ERROR] [Errno 2] No such file or directory: 'Dataset/human_data/cache/combine_male_genesis2_surferguy_nohair_nocloth_Standing_Base_14/pitch_41.60277_rot_18.91979_fov_50.00_ibli_0_iblj_128_shadow.png' - build_hdf5.py fill_dset 2022-07-12 22:02:02,848 
[INFO] base_64_16/simulated_combine_male_genesis8_altern8lee8_blair_pjsoutfit_Altern8_Lee_8_-_Pose_10_B_pitch_24.25388_rot_53.07333_fov_50.00 failed. We skip - build_hdf5.py build_scene_hdf5_worker 2022-07-12 22:02:02,848 
[INFO] base_64_16/combine_male_genesis2_surferguy_nohair_nocloth_Standing_Base_14_pitch_41.60277_rot_18.91979_fov_50.00 failed. We skip - build_hdf5.py build_scene_hdf5_worker 2022-07-12 22:02:02,848 
[ERROR] [Errno 2] No such file or directory: 'Dataset/human_data/cache/simulated_combine_male_genesis8_basic_armani_bathrobes_Altern8_Lee_8_-_Pose_11_A/pitch_32.50386_rot_-70.84718_fov_50.00_ibli_0_iblj_128_shadow.png' - build_hdf5.py fill_dset 2022-07-12 22:02:02,848 
[ERROR] [Errno 2] No such file or directory: 'Dataset/human_data/cache/simulated_combine_female_short_outfits_genesis8_toulouse_formalmegawardrobepreset14_Base_Pose_Standing_A/pitch_15.81343_rot_-23.66614_fov_50.00_ibli_0_iblj_128_shadow.png' - build_hdf5.py fill_dset 2022-07-12 22:02:02,848 
[INFO] base_64_16/simulated_combine_male_genesis8_basic_armani_bathrobes_Altern8_Lee_8_-_Pose_11_A_pitch_32.50386_rot_-70.84718_fov_50.00 failed. We skip - build_hdf5.py build_scene_hdf5_worker 2022-07-12 22:02:02,849 
[ERROR] [Errno 2] No such file or directory: 'Dataset/human_data/cache/combine_male_genesis2_surferguy_nohair_nocloth_Standing_Base_16/pitch_16.98661_rot_47.07991_fov_50.00_ibli_0_iblj_128_shadow.png' - build_hdf5.py fill_dset 2022-07-12 22:02:02,849 
[INFO] base_64_16/simulated_combine_female_short_outfits_genesis8_toulouse_formalmegawardrobepreset14_Base_Pose_Standing_A_pitch_15.81343_rot_-23.66614_fov_50.00 failed. We skip - build_hdf5.py build_scene_hdf5_worker 2022-07-12 22:02:02,849 
[INFO] base_64_16/combine_male_genesis2_surferguy_nohair_nocloth_Standing_Base_16_pitch_16.98661_rot_47.07991_fov_50.00 failed. We skip - build_hdf5.py build_scene_hdf5_worker 2022-07-12 22:02:02,849 
[ERROR] [Errno 2] No such file or directory: 'Dataset/human_data/cache/simulated_combine_male_genesis8_basic_nohair_biker_Base_Pose_Walking_B/pitch_41.18244_rot_-65.93046_fov_50.00_ibli_0_iblj_128_shadow.png' - build_hdf5.py fill_dset 2022-07-12 22:09:16,925 
[INFO] base_64_16/simulated_combine_male_genesis8_basic_nohair_biker_Base_Pose_Walking_B_pitch_41.18244_rot_-65.93046_fov_50.00 failed. We skip - build_hdf5.py build_scene_hdf5_worker 2022-07-12 22:09:16,925 
[ERROR] [Errno 2] No such file or directory: 'Dataset/human_data/cache/simulated_combine_male_genesis8_lee8_armani_informalsuit_Altern8_Lee_8_-_Pose_01_B/pitch_37.14885_rot_-4.14584_fov_50.00_ibli_0_iblj_128_shadow.png' - build_hdf5.py fill_dset 2022-07-12 22:09:16,928 
[ERROR] [Errno 2] No such file or directory: 'Dataset/human_data/cache/simulated_combine_male_genesis8_basic_nohair_biker_Altern8_Lee_8_-_Pose_01_A/pitch_15.74001_rot_-67.38085_fov_50.00_ibli_0_iblj_128_shadow.png' - build_hdf5.py fill_dset 2022-07-12 22:09:16,928 
[ERROR] [Errno 2] No such file or directory: 'Dataset/human_data/cache/simulated_combine_male_genesis8_basic_nohair_biker_Altern8_Lee_8_-_Pose_01_A/pitch_0.00237_rot_69.42180_fov_50.00_ibli_0_iblj_128_shadow.png' - build_hdf5.py fill_dset 2022-07-12 22:09:16,928 
[INFO] base_64_16/simulated_combine_male_genesis8_lee8_armani_informalsuit_Altern8_Lee_8_-_Pose_01_B_pitch_37.14885_rot_-4.14584_fov_50.00 failed. We skip - build_hdf5.py build_scene_hdf5_worker 2022-07-12 22:09:16,928 
[INFO] base_64_16/simulated_combine_male_genesis8_basic_nohair_biker_Altern8_Lee_8_-_Pose_01_A_pitch_0.00237_rot_69.42180_fov_50.00 failed. We skip - build_hdf5.py build_scene_hdf5_worker 2022-07-12 22:09:16,928 
[ERROR] [Errno 2] No such file or directory: 'Dataset/human_data/cache/simulated_combine_male_genesis8_basic_nohair_biker_Base_Pose_Walking_B/pitch_8.57819_rot_10.57869_fov_50.00_ibli_0_iblj_128_shadow.png' - build_hdf5.py fill_dset 2022-07-12 22:09:16,928 
[INFO] base_64_16/simulated_combine_male_genesis8_basic_nohair_biker_Base_Pose_Walking_B_pitch_8.57819_rot_10.57869_fov_50.00 failed. We skip - build_hdf5.py build_scene_hdf5_worker 2022-07-12 22:09:16,929 
[ERROR] [Errno 2] No such file or directory: 'Dataset/human_data/cache/simulated_combine_male_genesis8_lee8_hywavybob_packleader1_Altern8_Lee_8_-_Pose_10_B/pitch_0.04121_rot_75.06210_fov_50.00_ibli_0_iblj_128_shadow.png' - build_hdf5.py fill_dset 2022-07-12 22:09:16,929 
[ERROR] [Errno 2] No such file or directory: 'Dataset/human_data/cache/simulated_combine_male_genesis8_matias_hywavybob_dsoset_Altern8_Lee_8_-_Pose_11_B/pitch_14.89864_rot_48.54800_fov_50.00_ibli_0_iblj_128_shadow.png' - build_hdf5.py fill_dset 2022-07-12 22:09:16,929 
[INFO] base_64_16/simulated_combine_male_genesis8_basic_nohair_biker_Altern8_Lee_8_-_Pose_01_A_pitch_15.74001_rot_-67.38085_fov_50.00 failed. We skip - build_hdf5.py build_scene_hdf5_worker 2022-07-12 22:09:16,929 
[ERROR] [Errno 2] No such file or directory: 'Dataset/human_data/cache/simulated_combine_male_genesis8_altern8lee8_nohair_wintersnowoutfit_Altern8_Lee_8_-_Pose_11_B/pitch_32.35275_rot_33.27762_fov_50.00_ibli_0_iblj_128_shadow.png' - build_hdf5.py fill_dset 2022-07-12 22:09:16,929 
[INFO] base_64_16/simulated_combine_male_genesis8_lee8_hywavybob_packleader1_Altern8_Lee_8_-_Pose_10_B_pitch_0.04121_rot_75.06210_fov_50.00 failed. We skip - build_hdf5.py build_scene_hdf5_worker 2022-07-12 22:09:16,929 
[INFO] base_64_16/simulated_combine_male_genesis8_matias_hywavybob_dsoset_Altern8_Lee_8_-_Pose_11_B_pitch_14.89864_rot_48.54800_fov_50.00 failed. We skip - build_hdf5.py build_scene_hdf5_worker 2022-07-12 22:09:16,929 
[INFO] base_64_16/simulated_combine_male_genesis8_altern8lee8_nohair_wintersnowoutfit_Altern8_Lee_8_-_Pose_11_B_pitch_32.35275_rot_33.27762_fov_50.00 failed. We skip - build_hdf5.py build_scene_hdf5_worker 2022-07-12 22:09:16,930 
[ERROR] [Errno 2] No such file or directory: 'Dataset/human_data/cache/simulated_combine_male_genesis8_basic_armani_bathrobes_Base_Pose_Standing_A/pitch_31.68647_rot_-70.24477_fov_50.00_ibli_0_iblj_128_shadow.png' - build_hdf5.py fill_dset 2022-07-12 22:09:16,930 
[INFO] base_64_16/simulated_combine_male_genesis8_basic_armani_bathrobes_Base_Pose_Standing_A_pitch_31.68647_rot_-70.24477_fov_50.00 failed. We skip - build_hdf5.py build_scene_hdf5_worker 2022-07-12 22:09:16,930 
[ERROR] [Errno 2] No such file or directory: 'Dataset/human_data/cache/simulated_combine_male_genesis8_matias_hywavybob_dsoset_Altern8_Lee_8_-_Pose_10_B/pitch_41.60277_rot_18.91979_fov_50.00_ibli_0_iblj_128_shadow.png' - build_hdf5.py fill_dset 2022-07-12 22:09:16,930 
[ERROR] [Errno 2] No such file or directory: 'Dataset/human_data/cache/simulated_combine_female_short_outfits_genesis8_toulouse_formalmegawardrobepreset14_CDIG8Female_StandF/pitch_27.45524_rot_-89.65967_fov_50.00_ibli_0_iblj_128_shadow.png' - build_hdf5.py fill_dset 2022-07-12 22:09:16,930 
[ERROR] [Errno 2] No such file or directory: 'Dataset/human_data/cache/combine_male_genesis2_surferguy_nohair_nocloth_Standing_Base_18/pitch_14.71699_rot_-49.76729_fov_50.00_ibli_0_iblj_128_shadow.png' - build_hdf5.py fill_dset 2022-07-12 22:09:16,930 
[ERROR] [Errno 2] No such file or directory: 'Dataset/human_data/cache/simulated_combine_male_genesis8_lee8_hywavybob_packleader1_Altern8_Lee_8_-_Pose_10_B/pitch_3.89978_rot_-73.80973_fov_50.00_ibli_0_iblj_128_shadow.png' - build_hdf5.py fill_dset 2022-07-12 22:09:16,930 
[INFO] base_64_16/simulated_combine_male_genesis8_matias_hywavybob_dsoset_Altern8_Lee_8_-_Pose_10_B_pitch_41.60277_rot_18.91979_fov_50.00 failed. We skip - build_hdf5.py build_scene_hdf5_worker 2022-07-12 22:09:16,930 
[ERROR] [Errno 2] No such file or directory: 'Dataset/human_data/cache/simulated_combine_male_short_outfits_genesis8_armani_retrosweater_Base_Pose_Standing_A/pitch_12.91713_rot_41.61733_fov_50.00_ibli_0_iblj_128_shadow.png' - build_hdf5.py fill_dset 2022-07-12 22:09:16,930 
[ERROR] [Errno 2] No such file or directory: 'Dataset/human_data/cache/simulated_combine_male_genesis8_matias_hywavybob_dsoset_Altern8_Lee_8_-_Pose_10_B/pitch_36.12222_rot_-14.95871_fov_50.00_ibli_0_iblj_128_shadow.png' - build_hdf5.py fill_dset 2022-07-12 22:09:16,930 
[INFO] base_64_16/combine_male_genesis2_surferguy_nohair_nocloth_Standing_Base_18_pitch_14.71699_rot_-49.76729_fov_50.00 failed. We skip - build_hdf5.py build_scene_hdf5_worker 2022-07-12 22:09:16,931 
[INFO] base_64_16/simulated_combine_male_genesis8_lee8_hywavybob_packleader1_Altern8_Lee_8_-_Pose_10_B_pitch_3.89978_rot_-73.80973_fov_50.00 failed. We skip - build_hdf5.py build_scene_hdf5_worker 2022-07-12 22:09:16,931 
[ERROR] [Errno 2] No such file or directory: 'Dataset/human_data/cache/simulated_combine_female_short_outfits_genesis8_toulouse_formalmegawardrobepreset14_CDIG8Female_StandF/pitch_12.91713_rot_41.61733_fov_50.00_ibli_0_iblj_128_shadow.png' - build_hdf5.py fill_dset 2022-07-12 22:09:16,930 
[INFO] base_64_16/simulated_combine_male_short_outfits_genesis8_armani_retrosweater_Base_Pose_Standing_A_pitch_12.91713_rot_41.61733_fov_50.00 failed. We skip - build_hdf5.py build_scene_hdf5_worker 2022-07-12 22:09:16,931 
[INFO] base_64_16/simulated_combine_male_genesis8_matias_hywavybob_dsoset_Altern8_Lee_8_-_Pose_10_B_pitch_36.12222_rot_-14.95871_fov_50.00 failed. We skip - build_hdf5.py build_scene_hdf5_worker 2022-07-12 22:09:16,931 
[ERROR] [Errno 2] No such file or directory: 'Dataset/human_data/cache/combine_male_genesis2_surferguy_nohair_nocloth_Standing_Base_09/pitch_10.71067_rot_-50.75851_fov_50.00_ibli_0_iblj_128_shadow.png' - build_hdf5.py fill_dset 2022-07-12 22:09:16,930 
[ERROR] [Errno 2] No such file or directory: 'Dataset/human_data/cache/combine_male_genesis2_surferguy_nohair_nocloth_Standing_Base_18/pitch_27.55593_rot_-12.67220_fov_50.00_ibli_0_iblj_128_shadow.png' - build_hdf5.py fill_dset 2022-07-12 22:09:16,931 
[INFO] base_64_16/simulated_combine_female_short_outfits_genesis8_toulouse_formalmegawardrobepreset14_CDIG8Female_StandF_pitch_12.91713_rot_41.61733_fov_50.00 failed. We skip - build_hdf5.py build_scene_hdf5_worker 2022-07-12 22:09:16,931 
[INFO] base_64_16/combine_male_genesis2_surferguy_nohair_nocloth_Standing_Base_09_pitch_10.71067_rot_-50.75851_fov_50.00 failed. We skip - build_hdf5.py build_scene_hdf5_worker 2022-07-12 22:09:16,931 
[INFO] base_64_16/combine_male_genesis2_surferguy_nohair_nocloth_Standing_Base_18_pitch_27.55593_rot_-12.67220_fov_50.00 failed. We skip - build_hdf5.py build_scene_hdf5_worker 2022-07-12 22:09:16,931 
[ERROR] [Errno 2] No such file or directory: 'Dataset/human_data/cache/simulated_combine_male_genesis8_lee8_armani_informalsuit_Altern8_Lee_8_-_Pose_01_B/pitch_10.71067_rot_-50.75851_fov_50.00_ibli_0_iblj_128_shadow.png' - build_hdf5.py fill_dset 2022-07-12 22:09:16,930 
[ERROR] [Errno 2] No such file or directory: 'Dataset/human_data/cache/simulated_combine_male_genesis8_matias_hywavybob_dsoset_Altern8_Lee_8_-_Pose_11_B/pitch_29.39167_rot_39.17213_fov_50.00_ibli_0_iblj_128_shadow.png' - build_hdf5.py fill_dset 2022-07-12 22:09:16,931 
[INFO] base_64_16/simulated_combine_male_genesis8_matias_hywavybob_dsoset_Altern8_Lee_8_-_Pose_11_B_pitch_29.39167_rot_39.17213_fov_50.00 failed. We skip - build_hdf5.py build_scene_hdf5_worker 2022-07-12 22:09:16,931 
[INFO] base_64_16/simulated_combine_female_short_outfits_genesis8_toulouse_formalmegawardrobepreset14_CDIG8Female_StandF_pitch_27.45524_rot_-89.65967_fov_50.00 failed. We skip - build_hdf5.py build_scene_hdf5_worker 2022-07-12 22:09:16,931 
[INFO] base_64_16/simulated_combine_male_genesis8_lee8_armani_informalsuit_Altern8_Lee_8_-_Pose_01_B_pitch_10.71067_rot_-50.75851_fov_50.00 failed. We skip - build_hdf5.py build_scene_hdf5_worker 2022-07-12 22:09:16,932 
[ERROR] [Errno 2] No such file or directory: 'Dataset/human_data/cache/simulated_combine_female_short_outfits_genesis8_toulouse_formalmegawardrobepreset14_Base_Pose_Walking_A/pitch_40.36892_rot_35.08340_fov_50.00_ibli_0_iblj_128_shadow.png' - build_hdf5.py fill_dset 2022-07-12 22:09:16,932 
[INFO] base_64_16/simulated_combine_female_short_outfits_genesis8_toulouse_formalmegawardrobepreset14_Base_Pose_Walking_A_pitch_40.36892_rot_35.08340_fov_50.00 failed. We skip - build_hdf5.py build_scene_hdf5_worker 2022-07-12 22:09:16,932 
[ERROR] [Errno 2] No such file or directory: 'Dataset/human_data/cache/simulated_combine_male_short_outfits_genesis8_armani_retrosweater_Base_Pose_Standing_A/pitch_27.45524_rot_-89.65967_fov_50.00_ibli_0_iblj_128_shadow.png' - build_hdf5.py fill_dset 2022-07-12 22:09:16,931 
[ERROR] [Errno 2] No such file or directory: 'Dataset/human_data/cache/simulated_combine_male_genesis8_basic_armani_bathrobes_Altern8_Lee_8_-_Pose_11_A/pitch_31.99316_rot_76.71638_fov_50.00_ibli_0_iblj_128_shadow.png' - build_hdf5.py fill_dset 2022-07-12 22:09:16,932 
[INFO] base_64_16/simulated_combine_male_short_outfits_genesis8_armani_retrosweater_Base_Pose_Standing_A_pitch_27.45524_rot_-89.65967_fov_50.00 failed. We skip - build_hdf5.py build_scene_hdf5_worker 2022-07-12 22:09:16,932 
[INFO] base_64_16/simulated_combine_male_genesis8_basic_armani_bathrobes_Altern8_Lee_8_-_Pose_11_A_pitch_31.99316_rot_76.71638_fov_50.00 failed. We skip - build_hdf5.py build_scene_hdf5_worker 2022-07-12 22:09:16,933 
[ERROR] [Errno 2] No such file or directory: 'Dataset/human_data/cache/simulated_combine_male_genesis8_basic_armani_bathrobes_Altern8_Lee_8_-_Pose_11_A/pitch_32.50386_rot_-70.84718_fov_50.00_ibli_0_iblj_128_shadow.png' - build_hdf5.py fill_dset 2022-07-12 22:09:16,932 
[ERROR] [Errno 2] No such file or directory: 'Dataset/human_data/cache/combine_male_genesis2_surferguy_nohair_nocloth_Standing_Base_09/pitch_37.14885_rot_-4.14584_fov_50.00_ibli_0_iblj_128_shadow.png' - build_hdf5.py fill_dset 2022-07-12 22:09:16,932 
[INFO] base_64_16/simulated_combine_male_genesis8_basic_armani_bathrobes_Altern8_Lee_8_-_Pose_11_A_pitch_32.50386_rot_-70.84718_fov_50.00 failed. We skip - build_hdf5.py build_scene_hdf5_worker 2022-07-12 22:09:16,933 
[INFO] base_64_16/combine_male_genesis2_surferguy_nohair_nocloth_Standing_Base_09_pitch_37.14885_rot_-4.14584_fov_50.00 failed. We skip - build_hdf5.py build_scene_hdf5_worker 2022-07-12 22:09:16,933 
[ERROR] [Errno 2] No such file or directory: 'Dataset/human_data/cache/simulated_combine_female_short_outfits_genesis8_toulouse_formalmegawardrobepreset14_CDIG8Female_StandH/pitch_24.25388_rot_53.07333_fov_50.00_ibli_0_iblj_128_shadow.png' - build_hdf5.py fill_dset 2022-07-12 22:09:16,933 
[ERROR] [Errno 2] No such file or directory: 'Dataset/human_data/cache/simulated_combine_male_genesis8_altern8lee8_nohair_wintersnowoutfit_Altern8_Lee_8_-_Pose_11_B/pitch_20.87099_rot_-46.02876_fov_50.00_ibli_0_iblj_128_shadow.png' - build_hdf5.py fill_dset 2022-07-12 22:09:16,933 
[ERROR] [Errno 2] No such file or directory: 'Dataset/human_data/cache/simulated_combine_female_short_outfits_genesis8_toulouse_formalmegawardrobepreset14_Base_Pose_Standing_C/pitch_32.50386_rot_-70.84718_fov_50.00_ibli_0_iblj_128_shadow.png' - build_hdf5.py fill_dset 2022-07-12 22:09:16,933 
[INFO] base_64_16/simulated_combine_male_genesis8_altern8lee8_nohair_wintersnowoutfit_Altern8_Lee_8_-_Pose_11_B_pitch_20.87099_rot_-46.02876_fov_50.00 failed. We skip - build_hdf5.py build_scene_hdf5_worker 2022-07-12 22:09:16,933 
[INFO] base_64_16/simulated_combine_female_short_outfits_genesis8_toulouse_formalmegawardrobepreset14_CDIG8Female_StandH_pitch_24.25388_rot_53.07333_fov_50.00 failed. We skip - build_hdf5.py build_scene_hdf5_worker 2022-07-12 22:09:16,933 
[INFO] base_64_16/simulated_combine_female_short_outfits_genesis8_toulouse_formalmegawardrobepreset14_Base_Pose_Standing_C_pitch_32.50386_rot_-70.84718_fov_50.00 failed. We skip - build_hdf5.py build_scene_hdf5_worker 2022-07-12 22:09:16,934 
[ERROR] [Errno 2] No such file or directory: 'Dataset/human_data/cache/combine_male_genesis2_surferguy_nohair_nocloth_Standing_Base_16/pitch_16.98661_rot_47.07991_fov_50.00_ibli_0_iblj_128_shadow.png' - build_hdf5.py fill_dset 2022-07-12 22:09:16,934 
[ERROR] [Errno 2] No such file or directory: 'Dataset/human_data/cache/simulated_combine_male_genesis8_basic_hywavybob_csoseta_Base_Pose_Standing_A/pitch_14.61084_rot_41.26565_fov_50.00_ibli_0_iblj_128_shadow.png' - build_hdf5.py fill_dset 2022-07-12 22:09:16,933 
[ERROR] [Errno 2] No such file or directory: 'Dataset/human_data/cache/simulated_combine_male_genesis8_basic_hywavybob_csoseta_Base_Pose_Standing_A/pitch_40.36892_rot_35.08340_fov_50.00_ibli_0_iblj_128_shadow.png' - build_hdf5.py fill_dset 2022-07-12 22:09:16,933 
[ERROR] [Errno 2] No such file or directory: 'Dataset/human_data/cache/simulated_combine_male_genesis8_basic_armani_bathrobes_Base_Pose_Standing_A/pitch_16.98661_rot_47.07991_fov_50.00_ibli_0_iblj_128_shadow.png' - build_hdf5.py fill_dset 2022-07-12 22:09:16,933 
[INFO] base_64_16/combine_male_genesis2_surferguy_nohair_nocloth_Standing_Base_16_pitch_16.98661_rot_47.07991_fov_50.00 failed. We skip - build_hdf5.py build_scene_hdf5_worker 2022-07-12 22:09:16,934 
[INFO] base_64_16/simulated_combine_male_genesis8_basic_hywavybob_csoseta_Base_Pose_Standing_A_pitch_14.61084_rot_41.26565_fov_50.00 failed. We skip - build_hdf5.py build_scene_hdf5_worker 2022-07-12 22:09:16,934 
[INFO] base_64_16/simulated_combine_male_genesis8_basic_hywavybob_csoseta_Base_Pose_Standing_A_pitch_40.36892_rot_35.08340_fov_50.00 failed. We skip - build_hdf5.py build_scene_hdf5_worker 2022-07-12 22:09:16,934 
[INFO] base_64_16/simulated_combine_male_genesis8_basic_armani_bathrobes_Base_Pose_Standing_A_pitch_16.98661_rot_47.07991_fov_50.00 failed. We skip - build_hdf5.py build_scene_hdf5_worker 2022-07-12 22:09:16,934 
[ERROR] [Errno 2] No such file or directory: 'Dataset/human_data/cache/simulated_combine_female_short_outfits_genesis8_toulouse_formalmegawardrobepreset14_CDIG8Female_StandH/pitch_18.98584_rot_12.01384_fov_50.00_ibli_0_iblj_128_shadow.png' - build_hdf5.py fill_dset 2022-07-12 22:09:16,934 
[ERROR] [Errno 2] No such file or directory: 'Dataset/human_data/cache/combine_male_genesis2_surferguy_nohair_nocloth_Standing_Base_12/pitch_29.39167_rot_39.17213_fov_50.00_ibli_0_iblj_128_shadow.png' - build_hdf5.py fill_dset 2022-07-12 22:09:16,934 
[INFO] base_64_16/simulated_combine_female_short_outfits_genesis8_toulouse_formalmegawardrobepreset14_CDIG8Female_StandH_pitch_18.98584_rot_12.01384_fov_50.00 failed. We skip - build_hdf5.py build_scene_hdf5_worker 2022-07-12 22:09:16,934 
[ERROR] [Errno 2] No such file or directory: 'Dataset/human_data/cache/combine_male_genesis2_surferguy_nohair_nocloth_Standing_Base_12/pitch_14.89864_rot_48.54800_fov_50.00_ibli_0_iblj_128_shadow.png' - build_hdf5.py fill_dset 2022-07-12 22:09:16,934 
[ERROR] [Errno 2] No such file or directory: 'Dataset/human_data/cache/simulated_combine_male_genesis8_lee8_armani_informalsuit_Altern8_Lee_8_-_Pose_07_B/pitch_27.55593_rot_-12.67220_fov_50.00_ibli_0_iblj_128_shadow.png' - build_hdf5.py fill_dset 2022-07-12 22:09:16,934 
[INFO] base_64_16/combine_male_genesis2_surferguy_nohair_nocloth_Standing_Base_12_pitch_29.39167_rot_39.17213_fov_50.00 failed. We skip - build_hdf5.py build_scene_hdf5_worker 2022-07-12 22:09:16,934 
[INFO] base_64_16/simulated_combine_male_genesis8_lee8_armani_informalsuit_Altern8_Lee_8_-_Pose_07_B_pitch_27.55593_rot_-12.67220_fov_50.00 failed. We skip - build_hdf5.py build_scene_hdf5_worker 2022-07-12 22:09:16,935 
[INFO] base_64_16/combine_male_genesis2_surferguy_nohair_nocloth_Standing_Base_12_pitch_14.89864_rot_48.54800_fov_50.00 failed. We skip - build_hdf5.py build_scene_hdf5_worker 2022-07-12 22:09:16,935 
[ERROR] [Errno 2] No such file or directory: 'Dataset/human_data/cache/simulated_combine_male_genesis8_matias_nohair_frenchpainter_Altern8_Lee_8_-_Pose_07_A/pitch_42.42225_rot_-50.51514_fov_50.00_ibli_0_iblj_128_shadow.png' - build_hdf5.py fill_dset 2022-07-12 22:09:16,934 
[INFO] base_64_16/simulated_combine_male_genesis8_matias_nohair_frenchpainter_Altern8_Lee_8_-_Pose_07_A_pitch_42.42225_rot_-50.51514_fov_50.00 failed. We skip - build_hdf5.py build_scene_hdf5_worker 2022-07-12 22:09:16,935 
[ERROR] [Errno 2] No such file or directory: 'Dataset/human_data/cache/simulated_combine_female_short_outfits_genesis8_toulouse_formalmegawardrobepreset14_Base_Pose_Standing_C/pitch_31.99316_rot_76.71638_fov_50.00_ibli_0_iblj_128_shadow.png' - build_hdf5.py fill_dset 2022-07-12 22:09:16,934 
[INFO] base_64_16/simulated_combine_female_short_outfits_genesis8_toulouse_formalmegawardrobepreset14_Base_Pose_Standing_C_pitch_31.99316_rot_76.71638_fov_50.00 failed. We skip - build_hdf5.py build_scene_hdf5_worker 2022-07-12 22:09:16,935 
[ERROR] [Errno 2] No such file or directory: 'Dataset/human_data/cache/simulated_combine_female_short_outfits_genesis8_toulouse_formalmegawardrobepreset14_Base_Pose_Walking_B/pitch_20.87099_rot_-46.02876_fov_50.00_ibli_0_iblj_128_shadow.png' - build_hdf5.py fill_dset 2022-07-12 22:09:16,935 
[INFO] base_64_16/simulated_combine_female_short_outfits_genesis8_toulouse_formalmegawardrobepreset14_Base_Pose_Walking_B_pitch_20.87099_rot_-46.02876_fov_50.00 failed. We skip - build_hdf5.py build_scene_hdf5_worker 2022-07-12 22:09:16,936 
[ERROR] [Errno 2] No such file or directory: 'Dataset/human_data/cache/simulated_combine_female_short_outfits_genesis8_toulouse_formalmegawardrobepreset14_Base_Pose_Walking_A/pitch_14.61084_rot_41.26565_fov_50.00_ibli_0_iblj_128_shadow.png' - build_hdf5.py fill_dset 2022-07-12 22:09:16,935 
[INFO] base_64_16/simulated_combine_female_short_outfits_genesis8_toulouse_formalmegawardrobepreset14_Base_Pose_Walking_A_pitch_14.61084_rot_41.26565_fov_50.00 failed. We skip - build_hdf5.py build_scene_hdf5_worker 2022-07-12 22:09:16,936 
[ERROR] [Errno 2] No such file or directory: 'Dataset/human_data/cache/combine_male_genesis2_surferguy_nohair_nocloth_Standing_Base_14/pitch_36.12222_rot_-14.95871_fov_50.00_ibli_0_iblj_128_shadow.png' - build_hdf5.py fill_dset 2022-07-12 22:09:16,936 
[INFO] base_64_16/combine_male_genesis2_surferguy_nohair_nocloth_Standing_Base_14_pitch_36.12222_rot_-14.95871_fov_50.00 failed. We skip - build_hdf5.py build_scene_hdf5_worker 2022-07-12 22:09:16,936 
[ERROR] [Errno 2] No such file or directory: 'Dataset/human_data/cache/simulated_combine_male_genesis8_matias_nohair_frenchpainter_Altern8_Lee_8_-_Pose_07_A/pitch_30.29465_rot_-88.69324_fov_50.00_ibli_0_iblj_128_shadow.png' - build_hdf5.py fill_dset 2022-07-12 22:09:16,936 
[INFO] base_64_16/simulated_combine_male_genesis8_matias_nohair_frenchpainter_Altern8_Lee_8_-_Pose_07_A_pitch_30.29465_rot_-88.69324_fov_50.00 failed. We skip - build_hdf5.py build_scene_hdf5_worker 2022-07-12 22:09:16,936 
[ERROR] [Errno 2] No such file or directory: 'Dataset/human_data/cache/simulated_combine_male_genesis8_altern8lee8_nohair_wintersnowoutfit_Base_Pose_Standing_C/pitch_15.81343_rot_-23.66614_fov_50.00_ibli_0_iblj_128_shadow.png' - build_hdf5.py fill_dset 2022-07-12 22:09:16,937 
[INFO] base_64_16/simulated_combine_male_genesis8_altern8lee8_nohair_wintersnowoutfit_Base_Pose_Standing_C_pitch_15.81343_rot_-23.66614_fov_50.00 failed. We skip - build_hdf5.py build_scene_hdf5_worker 2022-07-12 22:09:16,937 
[ERROR] [Errno 2] No such file or directory: 'Dataset/human_data/cache/simulated_combine_female_short_outfits_genesis8_toulouse_formalmegawardrobepreset14_Base_Pose_Walking_B/pitch_32.35275_rot_33.27762_fov_50.00_ibli_0_iblj_128_shadow.png' - build_hdf5.py fill_dset 2022-07-12 22:09:16,937 
[INFO] base_64_16/simulated_combine_female_short_outfits_genesis8_toulouse_formalmegawardrobepreset14_Base_Pose_Walking_B_pitch_32.35275_rot_33.27762_fov_50.00 failed. We skip - build_hdf5.py build_scene_hdf5_worker 2022-07-12 22:09:16,937 
[ERROR] [Errno 2] No such file or directory: 'Dataset/human_data/cache/simulated_combine_male_genesis8_lee8_armani_informalsuit_Altern8_Lee_8_-_Pose_07_B/pitch_14.71699_rot_-49.76729_fov_50.00_ibli_0_iblj_128_shadow.png' - build_hdf5.py fill_dset 2022-07-12 22:09:16,937 
[ERROR] [Errno 2] No such file or directory: 'Dataset/human_data/cache/combine_male_genesis2_surferguy_nohair_nocloth_Standing_Base_14/pitch_41.60277_rot_18.91979_fov_50.00_ibli_0_iblj_128_shadow.png' - build_hdf5.py fill_dset 2022-07-12 22:09:16,937 
[ERROR] [Errno 2] No such file or directory: 'Dataset/human_data/cache/combine_male_genesis2_surferguy_nohair_nocloth_Standing_Base_16/pitch_31.68647_rot_-70.24477_fov_50.00_ibli_0_iblj_128_shadow.png' - build_hdf5.py fill_dset 2022-07-12 22:09:16,938 
[INFO] base_64_16/simulated_combine_male_genesis8_lee8_armani_informalsuit_Altern8_Lee_8_-_Pose_07_B_pitch_14.71699_rot_-49.76729_fov_50.00 failed. We skip - build_hdf5.py build_scene_hdf5_worker 2022-07-12 22:09:16,938 
[INFO] base_64_16/combine_male_genesis2_surferguy_nohair_nocloth_Standing_Base_16_pitch_31.68647_rot_-70.24477_fov_50.00 failed. We skip - build_hdf5.py build_scene_hdf5_worker 2022-07-12 22:09:16,938 
[ERROR] [Errno 2] No such file or directory: 'Dataset/human_data/cache/simulated_combine_male_genesis8_altern8lee8_nohair_wintersnowoutfit_Base_Pose_Standing_C/pitch_12.19932_rot_28.77416_fov_50.00_ibli_0_iblj_128_shadow.png' - build_hdf5.py fill_dset 2022-07-12 22:09:16,938 
[INFO] base_64_16/combine_male_genesis2_surferguy_nohair_nocloth_Standing_Base_14_pitch_41.60277_rot_18.91979_fov_50.00 failed. We skip - build_hdf5.py build_scene_hdf5_worker 2022-07-12 22:09:16,938 
[INFO] base_64_16/simulated_combine_male_genesis8_altern8lee8_nohair_wintersnowoutfit_Base_Pose_Standing_C_pitch_12.19932_rot_28.77416_fov_50.00 failed. We skip - build_hdf5.py build_scene_hdf5_worker 2022-07-12 22:09:16,938 
[ERROR] [Errno 2] No such file or directory: 'Dataset/human_data/cache/simulated_combine_male_genesis8_altern8lee8_blair_pjsoutfit_Altern8_Lee_8_-_Pose_10_B/pitch_18.98584_rot_12.01384_fov_50.00_ibli_0_iblj_128_shadow.png' - build_hdf5.py fill_dset 2022-07-12 22:09:16,938 
[ERROR] [Errno 2] No such file or directory: 'Dataset/human_data/cache/simulated_combine_female_short_outfits_genesis8_toulouse_formalmegawardrobepreset14_Base_Pose_Standing_A/pitch_15.81343_rot_-23.66614_fov_50.00_ibli_0_iblj_128_shadow.png' - build_hdf5.py fill_dset 2022-07-12 22:09:16,938 
[INFO] base_64_16/simulated_combine_male_genesis8_altern8lee8_blair_pjsoutfit_Altern8_Lee_8_-_Pose_10_B_pitch_18.98584_rot_12.01384_fov_50.00 failed. We skip - build_hdf5.py build_scene_hdf5_worker 2022-07-12 22:09:16,939 
[INFO] base_64_16/simulated_combine_female_short_outfits_genesis8_toulouse_formalmegawardrobepreset14_Base_Pose_Standing_A_pitch_15.81343_rot_-23.66614_fov_50.00 failed. We skip - build_hdf5.py build_scene_hdf5_worker 2022-07-12 22:09:16,939 
[ERROR] [Errno 2] No such file or directory: 'Dataset/human_data/cache/simulated_combine_male_genesis8_altern8lee8_blair_pjsoutfit_Altern8_Lee_8_-_Pose_10_B/pitch_24.25388_rot_53.07333_fov_50.00_ibli_0_iblj_128_shadow.png' - build_hdf5.py fill_dset 2022-07-12 22:09:16,939 
[INFO] base_64_16/simulated_combine_male_genesis8_altern8lee8_blair_pjsoutfit_Altern8_Lee_8_-_Pose_10_B_pitch_24.25388_rot_53.07333_fov_50.00 failed. We skip - build_hdf5.py build_scene_hdf5_worker 2022-07-12 22:09:16,939 
[ERROR] [Errno 2] No such file or directory: 'Dataset/human_data/cache/simulated_combine_female_short_outfits_genesis8_toulouse_formalmegawardrobepreset14_Base_Pose_Standing_A/pitch_12.19932_rot_28.77416_fov_50.00_ibli_0_iblj_128_shadow.png' - build_hdf5.py fill_dset 2022-07-12 22:09:16,940 
[INFO] base_64_16/simulated_combine_female_short_outfits_genesis8_toulouse_formalmegawardrobepreset14_Base_Pose_Standing_A_pitch_12.19932_rot_28.77416_fov_50.00 failed. We skip - build_hdf5.py build_scene_hdf5_worker 2022-07-12 22:09:16,940 
[ERROR] [Errno 2] No such file or directory: 'Dataset/human_data/cache/simulated_combine_female_short_outfits_genesis8_toulouse_formalmegawardrobepreset14_CDIG8Female_StandH/pitch_24.25388_rot_53.07333_fov_50.00_ibli_0_iblj_128_shadow.png' - build_hdf5.py fill_dset 2022-07-21 18:53:34,331 
[ERROR] [Errno 2] No such file or directory: 'Dataset/human_data/cache/simulated_combine_female_short_outfits_genesis8_toulouse_formalmegawardrobepreset14_Base_Pose_Standing_C/pitch_32.50386_rot_-70.84718_fov_50.00_ibli_0_iblj_128_shadow.png' - build_hdf5.py fill_dset 2022-07-21 18:53:34,331 
[INFO] base_64_16/simulated_combine_female_short_outfits_genesis8_toulouse_formalmegawardrobepreset14_CDIG8Female_StandH_pitch_24.25388_rot_53.07333_fov_50.00 failed. We skip - build_hdf5.py build_scene_hdf5_worker 2022-07-21 18:53:34,331 
[INFO] base_64_16/simulated_combine_female_short_outfits_genesis8_toulouse_formalmegawardrobepreset14_Base_Pose_Standing_C_pitch_32.50386_rot_-70.84718_fov_50.00 failed. We skip - build_hdf5.py build_scene_hdf5_worker 2022-07-21 18:53:34,331 
[ERROR] [Errno 2] No such file or directory: 'Dataset/human_data/cache/simulated_combine_female_short_outfits_genesis8_toulouse_formalmegawardrobepreset14_Base_Pose_Standing_A/pitch_15.81343_rot_-23.66614_fov_50.00_ibli_0_iblj_128_shadow.png' - build_hdf5.py fill_dset 2022-07-21 18:53:34,333 
[INFO] base_64_16/simulated_combine_female_short_outfits_genesis8_toulouse_formalmegawardrobepreset14_Base_Pose_Standing_A_pitch_15.81343_rot_-23.66614_fov_50.00 failed. We skip - build_hdf5.py build_scene_hdf5_worker 2022-07-21 18:53:34,333 
[ERROR] [Errno 2] No such file or directory: 'Dataset/human_data/cache/simulated_combine_female_short_outfits_genesis8_toulouse_formalmegawardrobepreset14_Base_Pose_Walking_B/pitch_20.87099_rot_-46.02876_fov_50.00_ibli_0_iblj_128_shadow.png' - build_hdf5.py fill_dset 2022-07-21 18:53:34,334 
[INFO] base_64_16/simulated_combine_female_short_outfits_genesis8_toulouse_formalmegawardrobepreset14_Base_Pose_Walking_B_pitch_20.87099_rot_-46.02876_fov_50.00 failed. We skip - build_hdf5.py build_scene_hdf5_worker 2022-07-21 18:53:34,334 
[ERROR] [Errno 2] No such file or directory: 'Dataset/human_data/cache/simulated_combine_female_short_outfits_genesis8_toulouse_formalmegawardrobepreset14_CDIG8Female_StandF/pitch_27.45524_rot_-89.65967_fov_50.00_ibli_0_iblj_128_shadow.png' - build_hdf5.py fill_dset 2022-07-21 18:53:34,334 
[ERROR] [Errno 2] No such file or directory: 'Dataset/human_data/cache/combine_male_genesis2_surferguy_nohair_nocloth_Standing_Base_16/pitch_16.98661_rot_47.07991_fov_50.00_ibli_0_iblj_128_shadow.png' - build_hdf5.py fill_dset 2022-07-21 18:53:34,335 
[INFO] base_64_16/combine_male_genesis2_surferguy_nohair_nocloth_Standing_Base_16_pitch_16.98661_rot_47.07991_fov_50.00 failed. We skip - build_hdf5.py build_scene_hdf5_worker 2022-07-21 18:53:34,335 
[INFO] base_64_16/simulated_combine_female_short_outfits_genesis8_toulouse_formalmegawardrobepreset14_CDIG8Female_StandF_pitch_27.45524_rot_-89.65967_fov_50.00 failed. We skip - build_hdf5.py build_scene_hdf5_worker 2022-07-21 18:53:34,335 
[ERROR] [Errno 2] No such file or directory: 'Dataset/human_data/cache/simulated_combine_female_short_outfits_genesis8_toulouse_formalmegawardrobepreset14_Base_Pose_Walking_A/pitch_40.36892_rot_35.08340_fov_50.00_ibli_0_iblj_128_shadow.png' - build_hdf5.py fill_dset 2022-07-21 18:53:34,335 
[INFO] base_64_16/simulated_combine_female_short_outfits_genesis8_toulouse_formalmegawardrobepreset14_Base_Pose_Walking_A_pitch_40.36892_rot_35.08340_fov_50.00 failed. We skip - build_hdf5.py build_scene_hdf5_worker 2022-07-21 18:53:34,336 
[ERROR] [Errno 2] No such file or directory: 'Dataset/human_data/cache/combine_male_genesis2_surferguy_nohair_nocloth_Standing_Base_09/pitch_37.14885_rot_-4.14584_fov_50.00_ibli_0_iblj_128_shadow.png' - build_hdf5.py fill_dset 2022-07-21 18:53:34,335 
[INFO] base_64_16/combine_male_genesis2_surferguy_nohair_nocloth_Standing_Base_09_pitch_37.14885_rot_-4.14584_fov_50.00 failed. We skip - build_hdf5.py build_scene_hdf5_worker 2022-07-21 18:53:34,336 
[ERROR] [Errno 2] No such file or directory: 'Dataset/human_data/cache/simulated_combine_female_short_outfits_genesis8_toulouse_formalmegawardrobepreset14_CDIG8Female_StandH/pitch_18.98584_rot_12.01384_fov_50.00_ibli_0_iblj_128_shadow.png' - build_hdf5.py fill_dset 2022-07-21 18:53:34,336 
[ERROR] [Errno 2] No such file or directory: 'Dataset/human_data/cache/combine_male_genesis2_surferguy_nohair_nocloth_Standing_Base_12/pitch_29.39167_rot_39.17213_fov_50.00_ibli_0_iblj_128_shadow.png' - build_hdf5.py fill_dset 2022-07-21 18:53:34,336 
[INFO] base_64_16/simulated_combine_female_short_outfits_genesis8_toulouse_formalmegawardrobepreset14_CDIG8Female_StandH_pitch_18.98584_rot_12.01384_fov_50.00 failed. We skip - build_hdf5.py build_scene_hdf5_worker 2022-07-21 18:53:34,336 
[ERROR] [Errno 2] No such file or directory: 'Dataset/human_data/cache/combine_male_genesis2_surferguy_nohair_nocloth_Standing_Base_12/pitch_14.89864_rot_48.54800_fov_50.00_ibli_0_iblj_128_shadow.png' - build_hdf5.py fill_dset 2022-07-21 18:53:34,336 
[INFO] base_64_16/combine_male_genesis2_surferguy_nohair_nocloth_Standing_Base_12_pitch_29.39167_rot_39.17213_fov_50.00 failed. We skip - build_hdf5.py build_scene_hdf5_worker 2022-07-21 18:53:34,337 
[INFO] base_64_16/combine_male_genesis2_surferguy_nohair_nocloth_Standing_Base_12_pitch_14.89864_rot_48.54800_fov_50.00 failed. We skip - build_hdf5.py build_scene_hdf5_worker 2022-07-21 18:53:34,337 
[ERROR] [Errno 2] No such file or directory: 'Dataset/human_data/cache/simulated_combine_female_short_outfits_genesis8_toulouse_formalmegawardrobepreset14_CDIG8Female_StandF/pitch_12.91713_rot_41.61733_fov_50.00_ibli_0_iblj_128_shadow.png' - build_hdf5.py fill_dset 2022-07-21 18:53:34,337 
[INFO] base_64_16/simulated_combine_female_short_outfits_genesis8_toulouse_formalmegawardrobepreset14_CDIG8Female_StandF_pitch_12.91713_rot_41.61733_fov_50.00 failed. We skip - build_hdf5.py build_scene_hdf5_worker 2022-07-21 18:53:34,338 
[ERROR] [Errno 2] No such file or directory: 'Dataset/human_data/cache/combine_male_genesis2_surferguy_nohair_nocloth_Standing_Base_16/pitch_31.68647_rot_-70.24477_fov_50.00_ibli_0_iblj_128_shadow.png' - build_hdf5.py fill_dset 2022-07-21 18:53:34,338 
[INFO] base_64_16/combine_male_genesis2_surferguy_nohair_nocloth_Standing_Base_16_pitch_31.68647_rot_-70.24477_fov_50.00 failed. We skip - build_hdf5.py build_scene_hdf5_worker 2022-07-21 18:53:34,339 
[ERROR] [Errno 2] No such file or directory: 'Dataset/human_data/cache/combine_male_genesis2_surferguy_nohair_nocloth_Standing_Base_18/pitch_27.55593_rot_-12.67220_fov_50.00_ibli_0_iblj_128_shadow.png' - build_hdf5.py fill_dset 2022-07-21 18:53:34,339 
[INFO] base_64_16/combine_male_genesis2_surferguy_nohair_nocloth_Standing_Base_18_pitch_27.55593_rot_-12.67220_fov_50.00 failed. We skip - build_hdf5.py build_scene_hdf5_worker 2022-07-21 18:53:34,339 
[ERROR] [Errno 2] No such file or directory: 'Dataset/human_data/cache/simulated_combine_female_short_outfits_genesis8_toulouse_formalmegawardrobepreset14_Base_Pose_Standing_A/pitch_12.19932_rot_28.77416_fov_50.00_ibli_0_iblj_128_shadow.png' - build_hdf5.py fill_dset 2022-07-21 18:53:34,339 
[ERROR] [Errno 2] No such file or directory: 'Dataset/human_data/cache/simulated_combine_female_short_outfits_genesis8_toulouse_formalmegawardrobepreset14_Base_Pose_Standing_C/pitch_31.99316_rot_76.71638_fov_50.00_ibli_0_iblj_128_shadow.png' - build_hdf5.py fill_dset 2022-07-21 18:53:34,340 
[INFO] base_64_16/simulated_combine_female_short_outfits_genesis8_toulouse_formalmegawardrobepreset14_Base_Pose_Standing_A_pitch_12.19932_rot_28.77416_fov_50.00 failed. We skip - build_hdf5.py build_scene_hdf5_worker 2022-07-21 18:53:34,340 
[ERROR] [Errno 2] No such file or directory: 'Dataset/human_data/cache/combine_male_genesis2_surferguy_nohair_nocloth_Standing_Base_14/pitch_36.12222_rot_-14.95871_fov_50.00_ibli_0_iblj_128_shadow.png' - build_hdf5.py fill_dset 2022-07-21 18:53:34,340 
[INFO] base_64_16/simulated_combine_female_short_outfits_genesis8_toulouse_formalmegawardrobepreset14_Base_Pose_Standing_C_pitch_31.99316_rot_76.71638_fov_50.00 failed. We skip - build_hdf5.py build_scene_hdf5_worker 2022-07-21 18:53:34,340 
[ERROR] [Errno 2] No such file or directory: 'Dataset/human_data/cache/simulated_combine_female_short_outfits_genesis8_toulouse_formalmegawardrobepreset14_Base_Pose_Walking_A/pitch_14.61084_rot_41.26565_fov_50.00_ibli_0_iblj_128_shadow.png' - build_hdf5.py fill_dset 2022-07-21 18:53:34,340 
[ERROR] [Errno 2] No such file or directory: 'Dataset/human_data/cache/simulated_combine_female_short_outfits_genesis8_toulouse_formalmegawardrobepreset14_Base_Pose_Walking_B/pitch_32.35275_rot_33.27762_fov_50.00_ibli_0_iblj_128_shadow.png' - build_hdf5.py fill_dset 2022-07-21 18:53:34,340 
[INFO] base_64_16/combine_male_genesis2_surferguy_nohair_nocloth_Standing_Base_14_pitch_36.12222_rot_-14.95871_fov_50.00 failed. We skip - build_hdf5.py build_scene_hdf5_worker 2022-07-21 18:53:34,340 
[ERROR] [Errno 2] No such file or directory: 'Dataset/human_data/cache/combine_male_genesis2_surferguy_nohair_nocloth_Standing_Base_18/pitch_14.71699_rot_-49.76729_fov_50.00_ibli_0_iblj_128_shadow.png' - build_hdf5.py fill_dset 2022-07-21 18:53:34,340 
[INFO] base_64_16/simulated_combine_female_short_outfits_genesis8_toulouse_formalmegawardrobepreset14_Base_Pose_Walking_A_pitch_14.61084_rot_41.26565_fov_50.00 failed. We skip - build_hdf5.py build_scene_hdf5_worker 2022-07-21 18:53:34,340 
[INFO] base_64_16/simulated_combine_female_short_outfits_genesis8_toulouse_formalmegawardrobepreset14_Base_Pose_Walking_B_pitch_32.35275_rot_33.27762_fov_50.00 failed. We skip - build_hdf5.py build_scene_hdf5_worker 2022-07-21 18:53:34,340 
[INFO] base_64_16/combine_male_genesis2_surferguy_nohair_nocloth_Standing_Base_18_pitch_14.71699_rot_-49.76729_fov_50.00 failed. We skip - build_hdf5.py build_scene_hdf5_worker 2022-07-21 18:53:34,340 
[ERROR] [Errno 2] No such file or directory: 'Dataset/human_data/cache/combine_male_genesis2_surferguy_nohair_nocloth_Standing_Base_14/pitch_41.60277_rot_18.91979_fov_50.00_ibli_0_iblj_128_shadow.png' - build_hdf5.py fill_dset 2022-07-21 18:53:34,340 
[INFO] base_64_16/combine_male_genesis2_surferguy_nohair_nocloth_Standing_Base_14_pitch_41.60277_rot_18.91979_fov_50.00 failed. We skip - build_hdf5.py build_scene_hdf5_worker 2022-07-21 18:53:34,341 
[ERROR] [Errno 2] No such file or directory: 'Dataset/human_data/cache/combine_male_genesis2_surferguy_nohair_nocloth_Standing_Base_09/pitch_10.71067_rot_-50.75851_fov_50.00_ibli_0_iblj_128_shadow.png' - build_hdf5.py fill_dset 2022-07-21 18:53:34,341 
[INFO] base_64_16/combine_male_genesis2_surferguy_nohair_nocloth_Standing_Base_09_pitch_10.71067_rot_-50.75851_fov_50.00 failed. We skip - build_hdf5.py build_scene_hdf5_worker 2022-07-21 18:53:34,341 
[ERROR] [Errno 2] No such file or directory: 'Dataset/human_data/cache/simulated_combine_female_short_outfits_genesis8_toulouse_formalmegawardrobepreset14_CDIG8Female_StandF/pitch_27.45524_rot_-89.65967_fov_50.00_ibli_0_iblj_128_shadow.png' - build_hdf5.py fill_dset 2022-07-21 19:09:02,868 
[INFO] base_64_16/simulated_combine_female_short_outfits_genesis8_toulouse_formalmegawardrobepreset14_CDIG8Female_StandF_pitch_27.45524_rot_-89.65967_fov_50.00 failed. We skip - build_hdf5.py build_scene_hdf5_worker 2022-07-21 19:09:02,869 
[ERROR] [Errno 2] No such file or directory: 'Dataset/human_data/cache/combine_male_genesis2_surferguy_nohair_nocloth_Standing_Base_12/pitch_14.89864_rot_48.54800_fov_50.00_ibli_0_iblj_128_shadow.png' - build_hdf5.py fill_dset 2022-07-21 19:09:02,871 
[ERROR] [Errno 2] No such file or directory: 'Dataset/human_data/cache/combine_male_genesis2_surferguy_nohair_nocloth_Standing_Base_09/pitch_37.14885_rot_-4.14584_fov_50.00_ibli_0_iblj_128_shadow.png' - build_hdf5.py fill_dset 2022-07-21 19:09:02,870 
[ERROR] [Errno 2] No such file or directory: 'Dataset/human_data/cache/combine_male_genesis2_surferguy_nohair_nocloth_Standing_Base_09/pitch_10.71067_rot_-50.75851_fov_50.00_ibli_0_iblj_128_shadow.png' - build_hdf5.py fill_dset 2022-07-21 19:09:02,870 
[INFO] base_64_16/combine_male_genesis2_surferguy_nohair_nocloth_Standing_Base_12_pitch_14.89864_rot_48.54800_fov_50.00 failed. We skip - build_hdf5.py build_scene_hdf5_worker 2022-07-21 19:09:02,871 
[INFO] base_64_16/combine_male_genesis2_surferguy_nohair_nocloth_Standing_Base_09_pitch_37.14885_rot_-4.14584_fov_50.00 failed. We skip - build_hdf5.py build_scene_hdf5_worker 2022-07-21 19:09:02,871 
[INFO] base_64_16/combine_male_genesis2_surferguy_nohair_nocloth_Standing_Base_09_pitch_10.71067_rot_-50.75851_fov_50.00 failed. We skip - build_hdf5.py build_scene_hdf5_worker 2022-07-21 19:09:02,871 
[ERROR] [Errno 2] No such file or directory: 'Dataset/human_data/cache/simulated_combine_female_short_outfits_genesis8_toulouse_formalmegawardrobepreset14_Base_Pose_Walking_B/pitch_32.35275_rot_33.27762_fov_50.00_ibli_0_iblj_128_shadow.png' - build_hdf5.py fill_dset 2022-07-21 19:09:02,872 
[INFO] base_64_16/simulated_combine_female_short_outfits_genesis8_toulouse_formalmegawardrobepreset14_Base_Pose_Walking_B_pitch_32.35275_rot_33.27762_fov_50.00 failed. We skip - build_hdf5.py build_scene_hdf5_worker 2022-07-21 19:09:02,872 
[ERROR] [Errno 2] No such file or directory: 'Dataset/human_data/cache/combine_male_genesis2_surferguy_nohair_nocloth_Standing_Base_18/pitch_27.55593_rot_-12.67220_fov_50.00_ibli_0_iblj_128_shadow.png' - build_hdf5.py fill_dset 2022-07-21 19:09:02,871 
[ERROR] [Errno 2] No such file or directory: 'Dataset/human_data/cache/simulated_combine_female_short_outfits_genesis8_toulouse_formalmegawardrobepreset14_Base_Pose_Standing_C/pitch_32.50386_rot_-70.84718_fov_50.00_ibli_0_iblj_128_shadow.png' - build_hdf5.py fill_dset 2022-07-21 19:09:02,872 
[ERROR] [Errno 2] No such file or directory: 'Dataset/human_data/cache/simulated_combine_female_short_outfits_genesis8_toulouse_formalmegawardrobepreset14_Base_Pose_Standing_C/pitch_31.99316_rot_76.71638_fov_50.00_ibli_0_iblj_128_shadow.png' - build_hdf5.py fill_dset 2022-07-21 19:09:02,872 
[INFO] base_64_16/simulated_combine_female_short_outfits_genesis8_toulouse_formalmegawardrobepreset14_Base_Pose_Standing_C_pitch_32.50386_rot_-70.84718_fov_50.00 failed. We skip - build_hdf5.py build_scene_hdf5_worker 2022-07-21 19:09:02,873 
[INFO] base_64_16/simulated_combine_female_short_outfits_genesis8_toulouse_formalmegawardrobepreset14_Base_Pose_Standing_C_pitch_31.99316_rot_76.71638_fov_50.00 failed. We skip - build_hdf5.py build_scene_hdf5_worker 2022-07-21 19:09:02,873 
[ERROR] [Errno 2] No such file or directory: 'Dataset/human_data/cache/simulated_combine_female_short_outfits_genesis8_toulouse_formalmegawardrobepreset14_Base_Pose_Standing_A/pitch_15.81343_rot_-23.66614_fov_50.00_ibli_0_iblj_128_shadow.png' - build_hdf5.py fill_dset 2022-07-21 19:09:02,873 
[INFO] base_64_16/simulated_combine_female_short_outfits_genesis8_toulouse_formalmegawardrobepreset14_Base_Pose_Standing_A_pitch_15.81343_rot_-23.66614_fov_50.00 failed. We skip - build_hdf5.py build_scene_hdf5_worker 2022-07-21 19:09:02,873 
[INFO] base_64_16/combine_male_genesis2_surferguy_nohair_nocloth_Standing_Base_18_pitch_27.55593_rot_-12.67220_fov_50.00 failed. We skip - build_hdf5.py build_scene_hdf5_worker 2022-07-21 19:09:02,873 
[ERROR] [Errno 2] No such file or directory: 'Dataset/human_data/cache/simulated_combine_female_short_outfits_genesis8_toulouse_formalmegawardrobepreset14_Base_Pose_Walking_B/pitch_20.87099_rot_-46.02876_fov_50.00_ibli_0_iblj_128_shadow.png' - build_hdf5.py fill_dset 2022-07-21 19:09:02,873 
[INFO] base_64_16/simulated_combine_female_short_outfits_genesis8_toulouse_formalmegawardrobepreset14_Base_Pose_Walking_B_pitch_20.87099_rot_-46.02876_fov_50.00 failed. We skip - build_hdf5.py build_scene_hdf5_worker 2022-07-21 19:09:02,873 
[ERROR] [Errno 2] No such file or directory: 'Dataset/human_data/cache/simulated_combine_female_short_outfits_genesis8_toulouse_formalmegawardrobepreset14_CDIG8Female_StandF/pitch_12.91713_rot_41.61733_fov_50.00_ibli_0_iblj_128_shadow.png' - build_hdf5.py fill_dset 2022-07-21 19:09:02,874 
[INFO] base_64_16/simulated_combine_female_short_outfits_genesis8_toulouse_formalmegawardrobepreset14_CDIG8Female_StandF_pitch_12.91713_rot_41.61733_fov_50.00 failed. We skip - build_hdf5.py build_scene_hdf5_worker 2022-07-21 19:09:02,874 
[ERROR] [Errno 2] No such file or directory: 'Dataset/human_data/cache/combine_male_genesis2_surferguy_nohair_nocloth_Standing_Base_18/pitch_14.71699_rot_-49.76729_fov_50.00_ibli_0_iblj_128_shadow.png' - build_hdf5.py fill_dset 2022-07-21 19:09:02,874 
[INFO] base_64_16/combine_male_genesis2_surferguy_nohair_nocloth_Standing_Base_18_pitch_14.71699_rot_-49.76729_fov_50.00 failed. We skip - build_hdf5.py build_scene_hdf5_worker 2022-07-21 19:09:02,875 
[ERROR] [Errno 2] No such file or directory: 'Dataset/human_data/cache/combine_male_genesis2_surferguy_nohair_nocloth_Standing_Base_14/pitch_36.12222_rot_-14.95871_fov_50.00_ibli_0_iblj_128_shadow.png' - build_hdf5.py fill_dset 2022-07-21 19:09:02,876 
[ERROR] [Errno 2] No such file or directory: 'Dataset/human_data/cache/combine_male_genesis2_surferguy_nohair_nocloth_Standing_Base_16/pitch_16.98661_rot_47.07991_fov_50.00_ibli_0_iblj_128_shadow.png' - build_hdf5.py fill_dset 2022-07-21 19:09:02,876 
[ERROR] [Errno 2] No such file or directory: 'Dataset/human_data/cache/simulated_combine_female_short_outfits_genesis8_toulouse_formalmegawardrobepreset14_Base_Pose_Walking_A/pitch_40.36892_rot_35.08340_fov_50.00_ibli_0_iblj_128_shadow.png' - build_hdf5.py fill_dset 2022-07-21 19:09:02,876 
[ERROR] [Errno 2] No such file or directory: 'Dataset/human_data/cache/simulated_combine_female_short_outfits_genesis8_toulouse_formalmegawardrobepreset14_CDIG8Female_StandH/pitch_24.25388_rot_53.07333_fov_50.00_ibli_0_iblj_128_shadow.png' - build_hdf5.py fill_dset 2022-07-21 19:09:02,875 
[INFO] base_64_16/combine_male_genesis2_surferguy_nohair_nocloth_Standing_Base_14_pitch_36.12222_rot_-14.95871_fov_50.00 failed. We skip - build_hdf5.py build_scene_hdf5_worker 2022-07-21 19:09:02,876 
[INFO] base_64_16/combine_male_genesis2_surferguy_nohair_nocloth_Standing_Base_16_pitch_16.98661_rot_47.07991_fov_50.00 failed. We skip - build_hdf5.py build_scene_hdf5_worker 2022-07-21 19:09:02,876 
[INFO] base_64_16/simulated_combine_female_short_outfits_genesis8_toulouse_formalmegawardrobepreset14_Base_Pose_Walking_A_pitch_40.36892_rot_35.08340_fov_50.00 failed. We skip - build_hdf5.py build_scene_hdf5_worker 2022-07-21 19:09:02,876 
[ERROR] [Errno 2] No such file or directory: 'Dataset/human_data/cache/combine_male_genesis2_surferguy_nohair_nocloth_Standing_Base_14/pitch_41.60277_rot_18.91979_fov_50.00_ibli_0_iblj_128_shadow.png' - build_hdf5.py fill_dset 2022-07-21 19:09:02,876 
[INFO] base_64_16/combine_male_genesis2_surferguy_nohair_nocloth_Standing_Base_14_pitch_41.60277_rot_18.91979_fov_50.00 failed. We skip - build_hdf5.py build_scene_hdf5_worker 2022-07-21 19:09:02,876 
[INFO] base_64_16/simulated_combine_female_short_outfits_genesis8_toulouse_formalmegawardrobepreset14_CDIG8Female_StandH_pitch_24.25388_rot_53.07333_fov_50.00 failed. We skip - build_hdf5.py build_scene_hdf5_worker 2022-07-21 19:09:02,876 
[ERROR] [Errno 2] No such file or directory: 'Dataset/human_data/cache/simulated_combine_female_short_outfits_genesis8_toulouse_formalmegawardrobepreset14_CDIG8Female_StandH/pitch_18.98584_rot_12.01384_fov_50.00_ibli_0_iblj_128_shadow.png' - build_hdf5.py fill_dset 2022-07-21 19:09:02,876 
[INFO] base_64_16/simulated_combine_female_short_outfits_genesis8_toulouse_formalmegawardrobepreset14_CDIG8Female_StandH_pitch_18.98584_rot_12.01384_fov_50.00 failed. We skip - build_hdf5.py build_scene_hdf5_worker 2022-07-21 19:09:02,877 
[ERROR] [Errno 2] No such file or directory: 'Dataset/human_data/cache/combine_male_genesis2_surferguy_nohair_nocloth_Standing_Base_16/pitch_31.68647_rot_-70.24477_fov_50.00_ibli_0_iblj_128_shadow.png' - build_hdf5.py fill_dset 2022-07-21 19:09:02,877 
[INFO] base_64_16/combine_male_genesis2_surferguy_nohair_nocloth_Standing_Base_16_pitch_31.68647_rot_-70.24477_fov_50.00 failed. We skip - build_hdf5.py build_scene_hdf5_worker 2022-07-21 19:09:02,877 
[ERROR] [Errno 2] No such file or directory: 'Dataset/human_data/cache/simulated_combine_female_short_outfits_genesis8_toulouse_formalmegawardrobepreset14_Base_Pose_Walking_A/pitch_14.61084_rot_41.26565_fov_50.00_ibli_0_iblj_128_shadow.png' - build_hdf5.py fill_dset 2022-07-21 19:09:02,878 
[INFO] base_64_16/simulated_combine_female_short_outfits_genesis8_toulouse_formalmegawardrobepreset14_Base_Pose_Walking_A_pitch_14.61084_rot_41.26565_fov_50.00 failed. We skip - build_hdf5.py build_scene_hdf5_worker 2022-07-21 19:09:02,878 
[ERROR] [Errno 2] No such file or directory: 'Dataset/human_data/cache/simulated_combine_female_short_outfits_genesis8_toulouse_formalmegawardrobepreset14_Base_Pose_Standing_A/pitch_12.19932_rot_28.77416_fov_50.00_ibli_0_iblj_128_shadow.png' - build_hdf5.py fill_dset 2022-07-21 19:09:02,878 
[INFO] base_64_16/simulated_combine_female_short_outfits_genesis8_toulouse_formalmegawardrobepreset14_Base_Pose_Standing_A_pitch_12.19932_rot_28.77416_fov_50.00 failed. We skip - build_hdf5.py build_scene_hdf5_worker 2022-07-21 19:09:02,879 
[ERROR] [Errno 2] No such file or directory: 'Dataset/human_data/cache/combine_male_genesis2_surferguy_nohair_nocloth_Standing_Base_12/pitch_29.39167_rot_39.17213_fov_50.00_ibli_0_iblj_128_shadow.png' - build_hdf5.py fill_dset 2022-07-21 19:09:02,879 
[INFO] base_64_16/combine_male_genesis2_surferguy_nohair_nocloth_Standing_Base_12_pitch_29.39167_rot_39.17213_fov_50.00 failed. We skip - build_hdf5.py build_scene_hdf5_worker 2022-07-21 19:09:02,879 
